2020-01-22 09:37:00.368  INFO 24916 --- [SpringContextShutdownHook] o.s.s.concurrent.ThreadPoolTaskExecutor  : Shutting down ExecutorService 'applicationTaskExecutor'
2020-01-22 09:37:14.751  INFO 7724 --- [main] z.o.loganalysis.LoganalysisApplication   : Starting LoganalysisApplication on Dell-PC with PID 7724 (D:\fancky\Git\Java\Work\loganalysis\target\classes started by Administrator in D:\fancky\Git\Java\Work\loganalysis)
2020-01-22 09:37:14.767  INFO 7724 --- [main] z.o.loganalysis.LoganalysisApplication   : No active profile set, falling back to default profiles: default
2020-01-22 09:37:17.463  INFO 7724 --- [main] o.s.b.w.embedded.tomcat.TomcatWebServer  : Tomcat initialized with port(s): 9090 (http)
2020-01-22 09:37:17.494  INFO 7724 --- [main] o.apache.catalina.core.StandardService   : Starting service [Tomcat]
2020-01-22 09:37:17.495  INFO 7724 --- [main] org.apache.catalina.core.StandardEngine  : Starting Servlet engine: [Apache Tomcat/9.0.29]
2020-01-22 09:37:17.762  INFO 7724 --- [main] o.a.c.c.C.[Tomcat].[localhost].[/]       : Initializing Spring embedded WebApplicationContext
2020-01-22 09:37:17.763  INFO 7724 --- [main] o.s.web.context.ContextLoader            : Root WebApplicationContext: initialization completed in 2897 ms
2020-01-22 09:37:18.302  INFO 7724 --- [main] o.s.s.concurrent.ThreadPoolTaskExecutor  : Initializing ExecutorService 'applicationTaskExecutor'
2020-01-22 09:37:18.456  INFO 7724 --- [main] o.s.b.a.w.s.WelcomePageHandlerMapping    : Adding welcome page template: index
2020-01-22 09:37:18.894  INFO 7724 --- [main] o.s.b.w.embedded.tomcat.TomcatWebServer  : Tomcat started on port(s): 9090 (http) with context path ''
2020-01-22 09:37:18.904  INFO 7724 --- [main] z.o.loganalysis.LoganalysisApplication   : Started LoganalysisApplication in 6.023 seconds (JVM running for 9.862)
2020-01-22 09:37:30.246  INFO 7724 --- [http-nio-9090-exec-1] o.a.c.c.C.[Tomcat].[localhost].[/]       : Initializing Spring DispatcherServlet 'dispatcherServlet'
2020-01-22 09:37:30.247  INFO 7724 --- [http-nio-9090-exec-1] o.s.web.servlet.DispatcherServlet        : Initializing Servlet 'dispatcherServlet'
2020-01-22 09:37:30.264  INFO 7724 --- [http-nio-9090-exec-1] o.s.web.servlet.DispatcherServlet        : Completed initialization in 16 ms
2020-01-22 09:37:50.829  INFO 7724 --- [SpringContextShutdownHook] o.s.s.concurrent.ThreadPoolTaskExecutor  : Shutting down ExecutorService 'applicationTaskExecutor'
2020-01-22 09:38:06.492  INFO 29048 --- [main] z.o.loganalysis.LoganalysisApplication   : Starting LoganalysisApplication on Dell-PC with PID 29048 (D:\fancky\Git\Java\Work\loganalysis\target\classes started by Administrator in D:\fancky\Git\Java\Work\loganalysis)
2020-01-22 09:38:06.495  INFO 29048 --- [main] z.o.loganalysis.LoganalysisApplication   : No active profile set, falling back to default profiles: default
2020-01-22 09:38:07.404  INFO 29048 --- [main] o.s.b.w.embedded.tomcat.TomcatWebServer  : Tomcat initialized with port(s): 9090 (http)
2020-01-22 09:38:07.414  INFO 29048 --- [main] o.apache.catalina.core.StandardService   : Starting service [Tomcat]
2020-01-22 09:38:07.414  INFO 29048 --- [main] org.apache.catalina.core.StandardEngine  : Starting Servlet engine: [Apache Tomcat/9.0.29]
2020-01-22 09:38:07.500  INFO 29048 --- [main] o.a.c.c.C.[Tomcat].[localhost].[/]       : Initializing Spring embedded WebApplicationContext
2020-01-22 09:38:07.500  INFO 29048 --- [main] o.s.web.context.ContextLoader            : Root WebApplicationContext: initialization completed in 962 ms
2020-01-22 09:38:07.656  INFO 29048 --- [main] o.s.s.concurrent.ThreadPoolTaskExecutor  : Initializing ExecutorService 'applicationTaskExecutor'
2020-01-22 09:38:07.712  INFO 29048 --- [main] o.s.b.a.w.s.WelcomePageHandlerMapping    : Adding welcome page template: index
2020-01-22 09:38:07.832  INFO 29048 --- [main] o.s.b.w.embedded.tomcat.TomcatWebServer  : Tomcat started on port(s): 9090 (http) with context path ''
2020-01-22 09:38:07.836  INFO 29048 --- [main] z.o.loganalysis.LoganalysisApplication   : Started LoganalysisApplication in 2.545 seconds (JVM running for 3.866)
2020-01-22 09:38:13.828  INFO 29048 --- [http-nio-9090-exec-1] o.a.c.c.C.[Tomcat].[localhost].[/]       : Initializing Spring DispatcherServlet 'dispatcherServlet'
2020-01-22 09:38:13.829  INFO 29048 --- [http-nio-9090-exec-1] o.s.web.servlet.DispatcherServlet        : Initializing Servlet 'dispatcherServlet'
2020-01-22 09:38:13.848  INFO 29048 --- [http-nio-9090-exec-1] o.s.web.servlet.DispatcherServlet        : Completed initialization in 18 ms
2020-01-22 09:39:51.556  INFO 29048 --- [SpringContextShutdownHook] o.s.s.concurrent.ThreadPoolTaskExecutor  : Shutting down ExecutorService 'applicationTaskExecutor'
2020-01-22 09:41:39.015  INFO 18780 --- [main] z.o.loganalysis.LoganalysisApplication   : Starting LoganalysisApplication on Dell-PC with PID 18780 (D:\fancky\Git\Java\Work\loganalysis\target\classes started by Administrator in D:\fancky\Git\Java\Work\loganalysis)
2020-01-22 09:41:39.018  INFO 18780 --- [main] z.o.loganalysis.LoganalysisApplication   : No active profile set, falling back to default profiles: default
2020-01-22 09:41:40.241  INFO 18780 --- [main] o.s.b.w.embedded.tomcat.TomcatWebServer  : Tomcat initialized with port(s): 9090 (http)
2020-01-22 09:41:40.250  INFO 18780 --- [main] o.apache.catalina.core.StandardService   : Starting service [Tomcat]
2020-01-22 09:41:40.250  INFO 18780 --- [main] org.apache.catalina.core.StandardEngine  : Starting Servlet engine: [Apache Tomcat/9.0.29]
2020-01-22 09:41:40.320  INFO 18780 --- [main] o.a.c.c.C.[Tomcat].[localhost].[/]       : Initializing Spring embedded WebApplicationContext
2020-01-22 09:41:40.321  INFO 18780 --- [main] o.s.web.context.ContextLoader            : Root WebApplicationContext: initialization completed in 1262 ms
2020-01-22 09:41:40.476  INFO 18780 --- [main] o.s.s.concurrent.ThreadPoolTaskExecutor  : Initializing ExecutorService 'applicationTaskExecutor'
2020-01-22 09:41:40.535  INFO 18780 --- [main] o.s.b.a.w.s.WelcomePageHandlerMapping    : Adding welcome page template: index
2020-01-22 09:41:40.674  INFO 18780 --- [main] o.s.b.w.embedded.tomcat.TomcatWebServer  : Tomcat started on port(s): 9090 (http) with context path ''
2020-01-22 09:41:40.677  INFO 18780 --- [main] z.o.loganalysis.LoganalysisApplication   : Started LoganalysisApplication in 2.381 seconds (JVM running for 3.524)
2020-01-22 09:41:46.727  INFO 18780 --- [http-nio-9090-exec-1] o.a.c.c.C.[Tomcat].[localhost].[/]       : Initializing Spring DispatcherServlet 'dispatcherServlet'
2020-01-22 09:41:46.728  INFO 18780 --- [http-nio-9090-exec-1] o.s.web.servlet.DispatcherServlet        : Initializing Servlet 'dispatcherServlet'
2020-01-22 09:41:46.745  INFO 18780 --- [http-nio-9090-exec-1] o.s.web.servlet.DispatcherServlet        : Completed initialization in 16 ms
2020-01-22 09:41:51.961  WARN 18780 --- [http-nio-9090-exec-10] .w.s.m.s.DefaultHandlerExceptionResolver : Resolved [org.springframework.web.multipart.support.MissingServletRequestPartException: Required request part 'file' is not present]
2020-01-22 09:41:56.125  WARN 18780 --- [http-nio-9090-exec-7] .w.s.m.s.DefaultHandlerExceptionResolver : Resolved [org.springframework.web.multipart.support.MissingServletRequestPartException: Required request part 'file' is not present]
2020-01-22 09:42:00.035  WARN 18780 --- [http-nio-9090-exec-2] .w.s.m.s.DefaultHandlerExceptionResolver : Resolved [org.springframework.web.multipart.support.MissingServletRequestPartException: Required request part 'file' is not present]
2020-01-22 09:42:40.997  INFO 18780 --- [SpringContextShutdownHook] o.s.s.concurrent.ThreadPoolTaskExecutor  : Shutting down ExecutorService 'applicationTaskExecutor'
2020-01-22 09:42:46.268  INFO 18976 --- [main] z.o.loganalysis.LoganalysisApplication   : Starting LoganalysisApplication on Dell-PC with PID 18976 (D:\fancky\Git\Java\Work\loganalysis\target\classes started by Administrator in D:\fancky\Git\Java\Work\loganalysis)
2020-01-22 09:42:46.328  INFO 18976 --- [main] z.o.loganalysis.LoganalysisApplication   : No active profile set, falling back to default profiles: default
2020-01-22 09:42:47.252  INFO 18976 --- [main] o.s.b.w.embedded.tomcat.TomcatWebServer  : Tomcat initialized with port(s): 9090 (http)
2020-01-22 09:42:47.261  INFO 18976 --- [main] o.apache.catalina.core.StandardService   : Starting service [Tomcat]
2020-01-22 09:42:47.261  INFO 18976 --- [main] org.apache.catalina.core.StandardEngine  : Starting Servlet engine: [Apache Tomcat/9.0.29]
2020-01-22 09:42:47.324  INFO 18976 --- [main] o.a.c.c.C.[Tomcat].[localhost].[/]       : Initializing Spring embedded WebApplicationContext
2020-01-22 09:42:47.325  INFO 18976 --- [main] o.s.web.context.ContextLoader            : Root WebApplicationContext: initialization completed in 951 ms
2020-01-22 09:42:47.766  INFO 18976 --- [main] o.s.s.concurrent.ThreadPoolTaskExecutor  : Initializing ExecutorService 'applicationTaskExecutor'
2020-01-22 09:42:47.988  INFO 18976 --- [main] o.s.b.a.w.s.WelcomePageHandlerMapping    : Adding welcome page template: index
2020-01-22 09:42:48.329  INFO 18976 --- [main] o.s.b.w.embedded.tomcat.TomcatWebServer  : Tomcat started on port(s): 9090 (http) with context path ''
2020-01-22 09:42:48.339  INFO 18976 --- [main] z.o.loganalysis.LoganalysisApplication   : Started LoganalysisApplication in 2.805 seconds (JVM running for 3.871)
2020-01-22 09:42:51.948  INFO 18976 --- [http-nio-9090-exec-1] o.a.c.c.C.[Tomcat].[localhost].[/]       : Initializing Spring DispatcherServlet 'dispatcherServlet'
2020-01-22 09:42:51.948  INFO 18976 --- [http-nio-9090-exec-1] o.s.web.servlet.DispatcherServlet        : Initializing Servlet 'dispatcherServlet'
2020-01-22 09:42:51.961  INFO 18976 --- [http-nio-9090-exec-1] o.s.web.servlet.DispatcherServlet        : Completed initialization in 12 ms
2020-01-22 09:48:54.368  INFO 18976 --- [SpringContextShutdownHook] o.s.s.concurrent.ThreadPoolTaskExecutor  : Shutting down ExecutorService 'applicationTaskExecutor'
2020-01-22 09:49:34.670  INFO 30096 --- [main] z.o.loganalysis.LoganalysisApplication   : Starting LoganalysisApplication on Dell-PC with PID 30096 (D:\fancky\Git\Java\Work\loganalysis\target\classes started by Administrator in D:\fancky\Git\Java\Work\loganalysis)
2020-01-22 09:49:34.673  INFO 30096 --- [main] z.o.loganalysis.LoganalysisApplication   : No active profile set, falling back to default profiles: default
2020-01-22 09:49:35.727  INFO 30096 --- [main] o.s.b.w.embedded.tomcat.TomcatWebServer  : Tomcat initialized with port(s): 9090 (http)
2020-01-22 09:49:35.736  INFO 30096 --- [main] o.apache.catalina.core.StandardService   : Starting service [Tomcat]
2020-01-22 09:49:35.736  INFO 30096 --- [main] org.apache.catalina.core.StandardEngine  : Starting Servlet engine: [Apache Tomcat/9.0.29]
2020-01-22 09:49:35.812  INFO 30096 --- [main] o.a.c.c.C.[Tomcat].[localhost].[/]       : Initializing Spring embedded WebApplicationContext
2020-01-22 09:49:35.813  INFO 30096 --- [main] o.s.web.context.ContextLoader            : Root WebApplicationContext: initialization completed in 1018 ms
2020-01-22 09:49:35.975  INFO 30096 --- [main] o.s.s.concurrent.ThreadPoolTaskExecutor  : Initializing ExecutorService 'applicationTaskExecutor'
2020-01-22 09:49:36.042  INFO 30096 --- [main] o.s.b.a.w.s.WelcomePageHandlerMapping    : Adding welcome page template: index
2020-01-22 09:49:36.186  INFO 30096 --- [main] o.s.b.w.embedded.tomcat.TomcatWebServer  : Tomcat started on port(s): 9090 (http) with context path ''
2020-01-22 09:49:36.190  INFO 30096 --- [main] z.o.loganalysis.LoganalysisApplication   : Started LoganalysisApplication in 2.295 seconds (JVM running for 3.657)
2020-01-22 09:49:43.816  INFO 30096 --- [http-nio-9090-exec-2] o.a.c.c.C.[Tomcat].[localhost].[/]       : Initializing Spring DispatcherServlet 'dispatcherServlet'
2020-01-22 09:49:43.817  INFO 30096 --- [http-nio-9090-exec-2] o.s.web.servlet.DispatcherServlet        : Initializing Servlet 'dispatcherServlet'
2020-01-22 09:49:43.836  INFO 30096 --- [http-nio-9090-exec-2] o.s.web.servlet.DispatcherServlet        : Completed initialization in 18 ms
2020-01-22 09:51:08.774  INFO 30096 --- [SpringContextShutdownHook] o.s.s.concurrent.ThreadPoolTaskExecutor  : Shutting down ExecutorService 'applicationTaskExecutor'
2020-01-22 09:51:36.284  INFO 23104 --- [main] z.o.loganalysis.LoganalysisApplication   : Starting LoganalysisApplication on Dell-PC with PID 23104 (D:\fancky\Git\Java\Work\loganalysis\target\classes started by Administrator in D:\fancky\Git\Java\Work\loganalysis)
2020-01-22 09:51:36.291  INFO 23104 --- [main] z.o.loganalysis.LoganalysisApplication   : No active profile set, falling back to default profiles: default
2020-01-22 09:51:37.369  INFO 23104 --- [main] o.s.b.w.embedded.tomcat.TomcatWebServer  : Tomcat initialized with port(s): 9090 (http)
2020-01-22 09:51:37.378  INFO 23104 --- [main] o.apache.catalina.core.StandardService   : Starting service [Tomcat]
2020-01-22 09:51:37.378  INFO 23104 --- [main] org.apache.catalina.core.StandardEngine  : Starting Servlet engine: [Apache Tomcat/9.0.29]
2020-01-22 09:51:37.446  INFO 23104 --- [main] o.a.c.c.C.[Tomcat].[localhost].[/]       : Initializing Spring embedded WebApplicationContext
2020-01-22 09:51:37.447  INFO 23104 --- [main] o.s.web.context.ContextLoader            : Root WebApplicationContext: initialization completed in 1019 ms
2020-01-22 09:51:37.747  INFO 23104 --- [main] o.s.s.concurrent.ThreadPoolTaskExecutor  : Initializing ExecutorService 'applicationTaskExecutor'
2020-01-22 09:51:37.935  INFO 23104 --- [main] o.s.b.a.w.s.WelcomePageHandlerMapping    : Adding welcome page template: index
2020-01-22 09:51:38.317  INFO 23104 --- [main] o.s.b.w.embedded.tomcat.TomcatWebServer  : Tomcat started on port(s): 9090 (http) with context path ''
2020-01-22 09:51:38.326  INFO 23104 --- [main] z.o.loganalysis.LoganalysisApplication   : Started LoganalysisApplication in 2.766 seconds (JVM running for 3.975)
2020-01-22 09:51:45.808  INFO 23104 --- [http-nio-9090-exec-1] o.a.c.c.C.[Tomcat].[localhost].[/]       : Initializing Spring DispatcherServlet 'dispatcherServlet'
2020-01-22 09:51:45.809  INFO 23104 --- [http-nio-9090-exec-1] o.s.web.servlet.DispatcherServlet        : Initializing Servlet 'dispatcherServlet'
2020-01-22 09:51:45.825  INFO 23104 --- [http-nio-9090-exec-1] o.s.web.servlet.DispatcherServlet        : Completed initialization in 16 ms
2020-01-22 09:52:36.001  INFO 23104 --- [SpringContextShutdownHook] o.s.s.concurrent.ThreadPoolTaskExecutor  : Shutting down ExecutorService 'applicationTaskExecutor'
2020-01-22 09:52:45.721  INFO 21768 --- [main] z.o.loganalysis.LoganalysisApplication   : Starting LoganalysisApplication on Dell-PC with PID 21768 (D:\fancky\Git\Java\Work\loganalysis\target\classes started by Administrator in D:\fancky\Git\Java\Work\loganalysis)
2020-01-22 09:52:45.724  INFO 21768 --- [main] z.o.loganalysis.LoganalysisApplication   : No active profile set, falling back to default profiles: default
2020-01-22 09:52:46.531  INFO 21768 --- [main] o.s.b.w.embedded.tomcat.TomcatWebServer  : Tomcat initialized with port(s): 9090 (http)
2020-01-22 09:52:46.540  INFO 21768 --- [main] o.apache.catalina.core.StandardService   : Starting service [Tomcat]
2020-01-22 09:52:46.540  INFO 21768 --- [main] org.apache.catalina.core.StandardEngine  : Starting Servlet engine: [Apache Tomcat/9.0.29]
2020-01-22 09:52:46.767  INFO 21768 --- [main] o.a.c.c.C.[Tomcat].[localhost].[/]       : Initializing Spring embedded WebApplicationContext
2020-01-22 09:52:46.769  INFO 21768 --- [main] o.s.web.context.ContextLoader            : Root WebApplicationContext: initialization completed in 997 ms
2020-01-22 09:52:47.215  INFO 21768 --- [main] o.s.s.concurrent.ThreadPoolTaskExecutor  : Initializing ExecutorService 'applicationTaskExecutor'
2020-01-22 09:52:47.359  INFO 21768 --- [main] o.s.b.a.w.s.WelcomePageHandlerMapping    : Adding welcome page template: index
2020-01-22 09:52:47.682  INFO 21768 --- [main] o.s.b.w.embedded.tomcat.TomcatWebServer  : Tomcat started on port(s): 9090 (http) with context path ''
2020-01-22 09:52:47.690  INFO 21768 --- [main] z.o.loganalysis.LoganalysisApplication   : Started LoganalysisApplication in 2.82 seconds (JVM running for 4.032)
2020-01-22 09:52:58.780  INFO 21768 --- [http-nio-9090-exec-1] o.a.c.c.C.[Tomcat].[localhost].[/]       : Initializing Spring DispatcherServlet 'dispatcherServlet'
2020-01-22 09:52:58.781  INFO 21768 --- [http-nio-9090-exec-1] o.s.web.servlet.DispatcherServlet        : Initializing Servlet 'dispatcherServlet'
2020-01-22 09:52:58.796  INFO 21768 --- [http-nio-9090-exec-1] o.s.web.servlet.DispatcherServlet        : Completed initialization in 14 ms
2020-01-22 09:53:32.215  INFO 21768 --- [SpringContextShutdownHook] o.s.s.concurrent.ThreadPoolTaskExecutor  : Shutting down ExecutorService 'applicationTaskExecutor'
2020-01-22 09:53:38.614  INFO 27620 --- [main] z.o.loganalysis.LoganalysisApplication   : Starting LoganalysisApplication on Dell-PC with PID 27620 (D:\fancky\Git\Java\Work\loganalysis\target\classes started by Administrator in D:\fancky\Git\Java\Work\loganalysis)
2020-01-22 09:53:38.617  INFO 27620 --- [main] z.o.loganalysis.LoganalysisApplication   : No active profile set, falling back to default profiles: default
2020-01-22 09:53:39.658  INFO 27620 --- [main] o.s.b.w.embedded.tomcat.TomcatWebServer  : Tomcat initialized with port(s): 9090 (http)
2020-01-22 09:53:39.668  INFO 27620 --- [main] o.apache.catalina.core.StandardService   : Starting service [Tomcat]
2020-01-22 09:53:39.669  INFO 27620 --- [main] org.apache.catalina.core.StandardEngine  : Starting Servlet engine: [Apache Tomcat/9.0.29]
2020-01-22 09:53:39.762  INFO 27620 --- [main] o.a.c.c.C.[Tomcat].[localhost].[/]       : Initializing Spring embedded WebApplicationContext
2020-01-22 09:53:39.763  INFO 27620 --- [main] o.s.web.context.ContextLoader            : Root WebApplicationContext: initialization completed in 1100 ms
2020-01-22 09:53:39.919  INFO 27620 --- [main] o.s.s.concurrent.ThreadPoolTaskExecutor  : Initializing ExecutorService 'applicationTaskExecutor'
2020-01-22 09:53:39.977  INFO 27620 --- [main] o.s.b.a.w.s.WelcomePageHandlerMapping    : Adding welcome page template: index
2020-01-22 09:53:40.106  INFO 27620 --- [main] o.s.b.w.embedded.tomcat.TomcatWebServer  : Tomcat started on port(s): 9090 (http) with context path ''
2020-01-22 09:53:40.110  INFO 27620 --- [main] z.o.loganalysis.LoganalysisApplication   : Started LoganalysisApplication in 2.558 seconds (JVM running for 3.864)
2020-01-22 09:53:43.844  INFO 27620 --- [http-nio-9090-exec-1] o.a.c.c.C.[Tomcat].[localhost].[/]       : Initializing Spring DispatcherServlet 'dispatcherServlet'
2020-01-22 09:53:43.845  INFO 27620 --- [http-nio-9090-exec-1] o.s.web.servlet.DispatcherServlet        : Initializing Servlet 'dispatcherServlet'
2020-01-22 09:53:43.860  INFO 27620 --- [http-nio-9090-exec-1] o.s.web.servlet.DispatcherServlet        : Completed initialization in 15 ms
2020-01-22 09:53:57.277  INFO 27620 --- [SpringContextShutdownHook] o.s.s.concurrent.ThreadPoolTaskExecutor  : Shutting down ExecutorService 'applicationTaskExecutor'
2020-01-22 09:54:16.949  INFO 1212 --- [main] z.o.loganalysis.LoganalysisApplication   : Starting LoganalysisApplication on Dell-PC with PID 1212 (D:\fancky\Git\Java\Work\loganalysis\target\classes started by Administrator in D:\fancky\Git\Java\Work\loganalysis)
2020-01-22 09:54:16.952  INFO 1212 --- [main] z.o.loganalysis.LoganalysisApplication   : No active profile set, falling back to default profiles: default
2020-01-22 09:54:18.445  INFO 1212 --- [main] o.s.b.w.embedded.tomcat.TomcatWebServer  : Tomcat initialized with port(s): 9090 (http)
2020-01-22 09:54:18.470  INFO 1212 --- [main] o.apache.catalina.core.StandardService   : Starting service [Tomcat]
2020-01-22 09:54:18.471  INFO 1212 --- [main] org.apache.catalina.core.StandardEngine  : Starting Servlet engine: [Apache Tomcat/9.0.29]
2020-01-22 09:54:18.696  INFO 1212 --- [main] o.a.c.c.C.[Tomcat].[localhost].[/]       : Initializing Spring embedded WebApplicationContext
2020-01-22 09:54:18.697  INFO 1212 --- [main] o.s.web.context.ContextLoader            : Root WebApplicationContext: initialization completed in 1696 ms
2020-01-22 09:54:19.154  INFO 1212 --- [main] o.s.s.concurrent.ThreadPoolTaskExecutor  : Initializing ExecutorService 'applicationTaskExecutor'
2020-01-22 09:54:19.367  INFO 1212 --- [main] o.s.b.a.w.s.WelcomePageHandlerMapping    : Adding welcome page template: index
2020-01-22 09:54:19.677  INFO 1212 --- [main] o.s.b.w.embedded.tomcat.TomcatWebServer  : Tomcat started on port(s): 9090 (http) with context path ''
2020-01-22 09:54:19.684  INFO 1212 --- [main] z.o.loganalysis.LoganalysisApplication   : Started LoganalysisApplication in 3.748 seconds (JVM running for 6.449)
2020-01-22 09:54:46.219  INFO 1212 --- [http-nio-9090-exec-1] o.a.c.c.C.[Tomcat].[localhost].[/]       : Initializing Spring DispatcherServlet 'dispatcherServlet'
2020-01-22 09:54:46.220  INFO 1212 --- [http-nio-9090-exec-1] o.s.web.servlet.DispatcherServlet        : Initializing Servlet 'dispatcherServlet'
2020-01-22 09:54:46.240  INFO 1212 --- [http-nio-9090-exec-1] o.s.web.servlet.DispatcherServlet        : Completed initialization in 18 ms
2020-01-22 09:56:51.589  INFO 1212 --- [SpringContextShutdownHook] o.s.s.concurrent.ThreadPoolTaskExecutor  : Shutting down ExecutorService 'applicationTaskExecutor'
2020-01-22 09:57:01.573  INFO 29936 --- [main] z.o.loganalysis.LoganalysisApplication   : Starting LoganalysisApplication on Dell-PC with PID 29936 (D:\fancky\Git\Java\Work\loganalysis\target\classes started by Administrator in D:\fancky\Git\Java\Work\loganalysis)
2020-01-22 09:57:01.576  INFO 29936 --- [main] z.o.loganalysis.LoganalysisApplication   : No active profile set, falling back to default profiles: default
2020-01-22 09:57:02.478  INFO 29936 --- [main] o.s.b.w.embedded.tomcat.TomcatWebServer  : Tomcat initialized with port(s): 9090 (http)
2020-01-22 09:57:02.487  INFO 29936 --- [main] o.apache.catalina.core.StandardService   : Starting service [Tomcat]
2020-01-22 09:57:02.488  INFO 29936 --- [main] org.apache.catalina.core.StandardEngine  : Starting Servlet engine: [Apache Tomcat/9.0.29]
2020-01-22 09:57:02.575  INFO 29936 --- [main] o.a.c.c.C.[Tomcat].[localhost].[/]       : Initializing Spring embedded WebApplicationContext
2020-01-22 09:57:02.576  INFO 29936 --- [main] o.s.web.context.ContextLoader            : Root WebApplicationContext: initialization completed in 942 ms
2020-01-22 09:57:02.737  INFO 29936 --- [main] o.s.s.concurrent.ThreadPoolTaskExecutor  : Initializing ExecutorService 'applicationTaskExecutor'
2020-01-22 09:57:02.800  INFO 29936 --- [main] o.s.b.a.w.s.WelcomePageHandlerMapping    : Adding welcome page template: index
2020-01-22 09:57:02.930  INFO 29936 --- [main] o.s.b.w.embedded.tomcat.TomcatWebServer  : Tomcat started on port(s): 9090 (http) with context path ''
2020-01-22 09:57:02.933  INFO 29936 --- [main] z.o.loganalysis.LoganalysisApplication   : Started LoganalysisApplication in 2.223 seconds (JVM running for 3.373)
2020-01-22 09:57:49.350  INFO 29936 --- [http-nio-9090-exec-1] o.a.c.c.C.[Tomcat].[localhost].[/]       : Initializing Spring DispatcherServlet 'dispatcherServlet'
2020-01-22 09:57:49.351  INFO 29936 --- [http-nio-9090-exec-1] o.s.web.servlet.DispatcherServlet        : Initializing Servlet 'dispatcherServlet'
2020-01-22 09:57:49.369  INFO 29936 --- [http-nio-9090-exec-1] o.s.web.servlet.DispatcherServlet        : Completed initialization in 17 ms
2020-01-22 10:00:27.904  INFO 29936 --- [SpringContextShutdownHook] o.s.s.concurrent.ThreadPoolTaskExecutor  : Shutting down ExecutorService 'applicationTaskExecutor'
2020-01-22 10:00:36.459  INFO 3580 --- [main] z.o.loganalysis.LoganalysisApplication   : Starting LoganalysisApplication on Dell-PC with PID 3580 (D:\fancky\Git\Java\Work\loganalysis\target\classes started by Administrator in D:\fancky\Git\Java\Work\loganalysis)
2020-01-22 10:00:36.461  INFO 3580 --- [main] z.o.loganalysis.LoganalysisApplication   : No active profile set, falling back to default profiles: default
2020-01-22 10:00:37.395  INFO 3580 --- [main] o.s.b.w.embedded.tomcat.TomcatWebServer  : Tomcat initialized with port(s): 9090 (http)
2020-01-22 10:00:37.403  INFO 3580 --- [main] o.apache.catalina.core.StandardService   : Starting service [Tomcat]
2020-01-22 10:00:37.404  INFO 3580 --- [main] org.apache.catalina.core.StandardEngine  : Starting Servlet engine: [Apache Tomcat/9.0.29]
2020-01-22 10:00:37.536  INFO 3580 --- [main] o.a.c.c.C.[Tomcat].[localhost].[/]       : Initializing Spring embedded WebApplicationContext
2020-01-22 10:00:37.536  INFO 3580 --- [main] o.s.web.context.ContextLoader            : Root WebApplicationContext: initialization completed in 1006 ms
2020-01-22 10:00:37.700  INFO 3580 --- [main] o.s.s.concurrent.ThreadPoolTaskExecutor  : Initializing ExecutorService 'applicationTaskExecutor'
2020-01-22 10:00:37.756  INFO 3580 --- [main] o.s.b.a.w.s.WelcomePageHandlerMapping    : Adding welcome page template: index
2020-01-22 10:00:37.901  INFO 3580 --- [main] o.s.b.w.embedded.tomcat.TomcatWebServer  : Tomcat started on port(s): 9090 (http) with context path ''
2020-01-22 10:00:37.905  INFO 3580 --- [main] z.o.loganalysis.LoganalysisApplication   : Started LoganalysisApplication in 2.256 seconds (JVM running for 3.368)
2020-01-22 10:00:51.620  INFO 3580 --- [http-nio-9090-exec-1] o.a.c.c.C.[Tomcat].[localhost].[/]       : Initializing Spring DispatcherServlet 'dispatcherServlet'
2020-01-22 10:00:51.621  INFO 3580 --- [http-nio-9090-exec-1] o.s.web.servlet.DispatcherServlet        : Initializing Servlet 'dispatcherServlet'
2020-01-22 10:00:51.630  INFO 3580 --- [http-nio-9090-exec-1] o.s.web.servlet.DispatcherServlet        : Completed initialization in 9 ms
2020-01-22 10:01:15.438  INFO 3580 --- [SpringContextShutdownHook] o.s.s.concurrent.ThreadPoolTaskExecutor  : Shutting down ExecutorService 'applicationTaskExecutor'
2020-01-22 10:01:34.596  INFO 29216 --- [main] z.o.loganalysis.LoganalysisApplication   : Starting LoganalysisApplication on Dell-PC with PID 29216 (D:\fancky\Git\Java\Work\loganalysis\target\classes started by Administrator in D:\fancky\Git\Java\Work\loganalysis)
2020-01-22 10:01:34.600  INFO 29216 --- [main] z.o.loganalysis.LoganalysisApplication   : No active profile set, falling back to default profiles: default
2020-01-22 10:01:35.539  INFO 29216 --- [main] o.s.b.w.embedded.tomcat.TomcatWebServer  : Tomcat initialized with port(s): 9090 (http)
2020-01-22 10:01:35.548  INFO 29216 --- [main] o.apache.catalina.core.StandardService   : Starting service [Tomcat]
2020-01-22 10:01:35.548  INFO 29216 --- [main] org.apache.catalina.core.StandardEngine  : Starting Servlet engine: [Apache Tomcat/9.0.29]
2020-01-22 10:01:35.632  INFO 29216 --- [main] o.a.c.c.C.[Tomcat].[localhost].[/]       : Initializing Spring embedded WebApplicationContext
2020-01-22 10:01:35.632  INFO 29216 --- [main] o.s.web.context.ContextLoader            : Root WebApplicationContext: initialization completed in 984 ms
2020-01-22 10:01:35.786  INFO 29216 --- [main] o.s.s.concurrent.ThreadPoolTaskExecutor  : Initializing ExecutorService 'applicationTaskExecutor'
2020-01-22 10:01:35.840  INFO 29216 --- [main] o.s.b.a.w.s.WelcomePageHandlerMapping    : Adding welcome page template: index
2020-01-22 10:01:35.960  INFO 29216 --- [main] o.s.b.w.embedded.tomcat.TomcatWebServer  : Tomcat started on port(s): 9090 (http) with context path ''
2020-01-22 10:01:35.964  INFO 29216 --- [main] z.o.loganalysis.LoganalysisApplication   : Started LoganalysisApplication in 2.568 seconds (JVM running for 3.869)
2020-01-22 10:02:03.090  INFO 29216 --- [http-nio-9090-exec-1] o.a.c.c.C.[Tomcat].[localhost].[/]       : Initializing Spring DispatcherServlet 'dispatcherServlet'
2020-01-22 10:02:03.091  INFO 29216 --- [http-nio-9090-exec-1] o.s.web.servlet.DispatcherServlet        : Initializing Servlet 'dispatcherServlet'
2020-01-22 10:02:03.109  INFO 29216 --- [http-nio-9090-exec-1] o.s.web.servlet.DispatcherServlet        : Completed initialization in 17 ms
2020-01-22 10:03:41.103  INFO 29216 --- [SpringContextShutdownHook] o.s.s.concurrent.ThreadPoolTaskExecutor  : Shutting down ExecutorService 'applicationTaskExecutor'
2020-01-22 10:04:01.053  INFO 16368 --- [main] z.o.loganalysis.LoganalysisApplication   : Starting LoganalysisApplication on Dell-PC with PID 16368 (D:\fancky\Git\Java\Work\loganalysis\target\classes started by Administrator in D:\fancky\Git\Java\Work\loganalysis)
2020-01-22 10:04:01.058  INFO 16368 --- [main] z.o.loganalysis.LoganalysisApplication   : No active profile set, falling back to default profiles: default
2020-01-22 10:04:02.064  INFO 16368 --- [main] o.s.b.w.embedded.tomcat.TomcatWebServer  : Tomcat initialized with port(s): 9090 (http)
2020-01-22 10:04:02.073  INFO 16368 --- [main] o.apache.catalina.core.StandardService   : Starting service [Tomcat]
2020-01-22 10:04:02.073  INFO 16368 --- [main] org.apache.catalina.core.StandardEngine  : Starting Servlet engine: [Apache Tomcat/9.0.29]
2020-01-22 10:04:02.219  INFO 16368 --- [main] o.a.c.c.C.[Tomcat].[localhost].[/]       : Initializing Spring embedded WebApplicationContext
2020-01-22 10:04:02.220  INFO 16368 --- [main] o.s.web.context.ContextLoader            : Root WebApplicationContext: initialization completed in 1073 ms
2020-01-22 10:04:02.723  INFO 16368 --- [main] o.s.s.concurrent.ThreadPoolTaskExecutor  : Initializing ExecutorService 'applicationTaskExecutor'
2020-01-22 10:04:02.886  INFO 16368 --- [main] o.s.b.a.w.s.WelcomePageHandlerMapping    : Adding welcome page template: index
2020-01-22 10:04:03.262  INFO 16368 --- [main] o.s.b.w.embedded.tomcat.TomcatWebServer  : Tomcat started on port(s): 9090 (http) with context path ''
2020-01-22 10:04:03.270  INFO 16368 --- [main] z.o.loganalysis.LoganalysisApplication   : Started LoganalysisApplication in 2.883 seconds (JVM running for 4.069)
2020-01-22 10:04:06.927  INFO 16368 --- [http-nio-9090-exec-1] o.a.c.c.C.[Tomcat].[localhost].[/]       : Initializing Spring DispatcherServlet 'dispatcherServlet'
2020-01-22 10:04:06.928  INFO 16368 --- [http-nio-9090-exec-1] o.s.web.servlet.DispatcherServlet        : Initializing Servlet 'dispatcherServlet'
2020-01-22 10:04:06.944  INFO 16368 --- [http-nio-9090-exec-1] o.s.web.servlet.DispatcherServlet        : Completed initialization in 15 ms
2020-01-22 10:04:30.220  INFO 16368 --- [SpringContextShutdownHook] o.s.s.concurrent.ThreadPoolTaskExecutor  : Shutting down ExecutorService 'applicationTaskExecutor'
2020-01-22 10:04:36.103  INFO 20160 --- [main] z.o.loganalysis.LoganalysisApplication   : Starting LoganalysisApplication on Dell-PC with PID 20160 (D:\fancky\Git\Java\Work\loganalysis\target\classes started by Administrator in D:\fancky\Git\Java\Work\loganalysis)
2020-01-22 10:04:36.106  INFO 20160 --- [main] z.o.loganalysis.LoganalysisApplication   : No active profile set, falling back to default profiles: default
2020-01-22 10:04:37.303  INFO 20160 --- [main] o.s.b.w.embedded.tomcat.TomcatWebServer  : Tomcat initialized with port(s): 9090 (http)
2020-01-22 10:04:37.314  INFO 20160 --- [main] o.apache.catalina.core.StandardService   : Starting service [Tomcat]
2020-01-22 10:04:37.314  INFO 20160 --- [main] org.apache.catalina.core.StandardEngine  : Starting Servlet engine: [Apache Tomcat/9.0.29]
2020-01-22 10:04:37.418  INFO 20160 --- [main] o.a.c.c.C.[Tomcat].[localhost].[/]       : Initializing Spring embedded WebApplicationContext
2020-01-22 10:04:37.419  INFO 20160 --- [main] o.s.web.context.ContextLoader            : Root WebApplicationContext: initialization completed in 1264 ms
2020-01-22 10:04:37.591  INFO 20160 --- [main] o.s.s.concurrent.ThreadPoolTaskExecutor  : Initializing ExecutorService 'applicationTaskExecutor'
2020-01-22 10:04:37.652  INFO 20160 --- [main] o.s.b.a.w.s.WelcomePageHandlerMapping    : Adding welcome page template: index
2020-01-22 10:04:37.779  INFO 20160 --- [main] o.s.b.w.embedded.tomcat.TomcatWebServer  : Tomcat started on port(s): 9090 (http) with context path ''
2020-01-22 10:04:37.782  INFO 20160 --- [main] z.o.loganalysis.LoganalysisApplication   : Started LoganalysisApplication in 2.344 seconds (JVM running for 3.569)
2020-01-22 10:04:40.118  INFO 20160 --- [http-nio-9090-exec-1] o.a.c.c.C.[Tomcat].[localhost].[/]       : Initializing Spring DispatcherServlet 'dispatcherServlet'
2020-01-22 10:04:40.119  INFO 20160 --- [http-nio-9090-exec-1] o.s.web.servlet.DispatcherServlet        : Initializing Servlet 'dispatcherServlet'
2020-01-22 10:04:40.133  INFO 20160 --- [http-nio-9090-exec-1] o.s.web.servlet.DispatcherServlet        : Completed initialization in 13 ms
2020-01-22 10:05:33.361  INFO 20160 --- [SpringContextShutdownHook] o.s.s.concurrent.ThreadPoolTaskExecutor  : Shutting down ExecutorService 'applicationTaskExecutor'
2020-01-22 10:05:39.165  INFO 18400 --- [main] z.o.loganalysis.LoganalysisApplication   : Starting LoganalysisApplication on Dell-PC with PID 18400 (D:\fancky\Git\Java\Work\loganalysis\target\classes started by Administrator in D:\fancky\Git\Java\Work\loganalysis)
2020-01-22 10:05:39.168  INFO 18400 --- [main] z.o.loganalysis.LoganalysisApplication   : No active profile set, falling back to default profiles: default
2020-01-22 10:05:40.270  INFO 18400 --- [main] o.s.b.w.embedded.tomcat.TomcatWebServer  : Tomcat initialized with port(s): 9090 (http)
2020-01-22 10:05:40.278  INFO 18400 --- [main] o.apache.catalina.core.StandardService   : Starting service [Tomcat]
2020-01-22 10:05:40.279  INFO 18400 --- [main] org.apache.catalina.core.StandardEngine  : Starting Servlet engine: [Apache Tomcat/9.0.29]
2020-01-22 10:05:40.347  INFO 18400 --- [main] o.a.c.c.C.[Tomcat].[localhost].[/]       : Initializing Spring embedded WebApplicationContext
2020-01-22 10:05:40.347  INFO 18400 --- [main] o.s.web.context.ContextLoader            : Root WebApplicationContext: initialization completed in 1132 ms
2020-01-22 10:05:40.505  INFO 18400 --- [main] o.s.s.concurrent.ThreadPoolTaskExecutor  : Initializing ExecutorService 'applicationTaskExecutor'
2020-01-22 10:05:40.569  INFO 18400 --- [main] o.s.b.a.w.s.WelcomePageHandlerMapping    : Adding welcome page template: index
2020-01-22 10:05:40.703  INFO 18400 --- [main] o.s.b.w.embedded.tomcat.TomcatWebServer  : Tomcat started on port(s): 9090 (http) with context path ''
2020-01-22 10:05:40.706  INFO 18400 --- [main] z.o.loganalysis.LoganalysisApplication   : Started LoganalysisApplication in 2.14 seconds (JVM running for 3.666)
2020-01-22 10:05:46.020  INFO 18400 --- [http-nio-9090-exec-1] o.a.c.c.C.[Tomcat].[localhost].[/]       : Initializing Spring DispatcherServlet 'dispatcherServlet'
2020-01-22 10:05:46.021  INFO 18400 --- [http-nio-9090-exec-1] o.s.web.servlet.DispatcherServlet        : Initializing Servlet 'dispatcherServlet'
2020-01-22 10:05:46.035  INFO 18400 --- [http-nio-9090-exec-1] o.s.web.servlet.DispatcherServlet        : Completed initialization in 13 ms
2020-01-22 10:06:45.668  INFO 18400 --- [SpringContextShutdownHook] o.s.s.concurrent.ThreadPoolTaskExecutor  : Shutting down ExecutorService 'applicationTaskExecutor'
2020-01-22 10:09:02.151  INFO 8392 --- [main] z.o.loganalysis.LoganalysisApplication   : Starting LoganalysisApplication on Dell-PC with PID 8392 (D:\fancky\Git\Java\Work\loganalysis\target\classes started by Administrator in D:\fancky\Git\Java\Work\loganalysis)
2020-01-22 10:09:02.154  INFO 8392 --- [main] z.o.loganalysis.LoganalysisApplication   : No active profile set, falling back to default profiles: default
2020-01-22 10:09:03.036  INFO 8392 --- [main] o.s.b.w.embedded.tomcat.TomcatWebServer  : Tomcat initialized with port(s): 9090 (http)
2020-01-22 10:09:03.046  INFO 8392 --- [main] o.apache.catalina.core.StandardService   : Starting service [Tomcat]
2020-01-22 10:09:03.046  INFO 8392 --- [main] org.apache.catalina.core.StandardEngine  : Starting Servlet engine: [Apache Tomcat/9.0.29]
2020-01-22 10:09:03.153  INFO 8392 --- [main] o.a.c.c.C.[Tomcat].[localhost].[/]       : Initializing Spring embedded WebApplicationContext
2020-01-22 10:09:03.153  INFO 8392 --- [main] o.s.web.context.ContextLoader            : Root WebApplicationContext: initialization completed in 960 ms
2020-01-22 10:09:03.337  INFO 8392 --- [main] o.s.s.concurrent.ThreadPoolTaskExecutor  : Initializing ExecutorService 'applicationTaskExecutor'
2020-01-22 10:09:03.394  INFO 8392 --- [main] o.s.b.a.w.s.WelcomePageHandlerMapping    : Adding welcome page template: index
2020-01-22 10:09:03.535  INFO 8392 --- [main] o.s.b.w.embedded.tomcat.TomcatWebServer  : Tomcat started on port(s): 9090 (http) with context path ''
2020-01-22 10:09:03.538  INFO 8392 --- [main] z.o.loganalysis.LoganalysisApplication   : Started LoganalysisApplication in 2.144 seconds (JVM running for 3.86)
2020-01-22 10:09:10.124  INFO 8392 --- [http-nio-9090-exec-1] o.a.c.c.C.[Tomcat].[localhost].[/]       : Initializing Spring DispatcherServlet 'dispatcherServlet'
2020-01-22 10:09:10.125  INFO 8392 --- [http-nio-9090-exec-1] o.s.web.servlet.DispatcherServlet        : Initializing Servlet 'dispatcherServlet'
2020-01-22 10:09:10.142  INFO 8392 --- [http-nio-9090-exec-1] o.s.web.servlet.DispatcherServlet        : Completed initialization in 16 ms
2020-01-22 10:10:18.063  INFO 8392 --- [SpringContextShutdownHook] o.s.s.concurrent.ThreadPoolTaskExecutor  : Shutting down ExecutorService 'applicationTaskExecutor'
2020-01-22 10:10:24.997  INFO 20552 --- [main] z.o.loganalysis.LoganalysisApplication   : Starting LoganalysisApplication on Dell-PC with PID 20552 (D:\fancky\Git\Java\Work\loganalysis\target\classes started by Administrator in D:\fancky\Git\Java\Work\loganalysis)
2020-01-22 10:10:25.000  INFO 20552 --- [main] z.o.loganalysis.LoganalysisApplication   : No active profile set, falling back to default profiles: default
2020-01-22 10:10:26.144  INFO 20552 --- [main] o.s.b.w.embedded.tomcat.TomcatWebServer  : Tomcat initialized with port(s): 9090 (http)
2020-01-22 10:10:26.153  INFO 20552 --- [main] o.apache.catalina.core.StandardService   : Starting service [Tomcat]
2020-01-22 10:10:26.154  INFO 20552 --- [main] org.apache.catalina.core.StandardEngine  : Starting Servlet engine: [Apache Tomcat/9.0.29]
2020-01-22 10:10:26.225  INFO 20552 --- [main] o.a.c.c.C.[Tomcat].[localhost].[/]       : Initializing Spring embedded WebApplicationContext
2020-01-22 10:10:26.225  INFO 20552 --- [main] o.s.web.context.ContextLoader            : Root WebApplicationContext: initialization completed in 1137 ms
2020-01-22 10:10:26.373  INFO 20552 --- [main] o.s.s.concurrent.ThreadPoolTaskExecutor  : Initializing ExecutorService 'applicationTaskExecutor'
2020-01-22 10:10:26.432  INFO 20552 --- [main] o.s.b.a.w.s.WelcomePageHandlerMapping    : Adding welcome page template: index
2020-01-22 10:10:26.564  INFO 20552 --- [main] o.s.b.w.embedded.tomcat.TomcatWebServer  : Tomcat started on port(s): 9090 (http) with context path ''
2020-01-22 10:10:26.566  INFO 20552 --- [main] z.o.loganalysis.LoganalysisApplication   : Started LoganalysisApplication in 2.074 seconds (JVM running for 3.491)
2020-01-22 10:10:33.108  INFO 20552 --- [http-nio-9090-exec-1] o.a.c.c.C.[Tomcat].[localhost].[/]       : Initializing Spring DispatcherServlet 'dispatcherServlet'
2020-01-22 10:10:33.109  INFO 20552 --- [http-nio-9090-exec-1] o.s.web.servlet.DispatcherServlet        : Initializing Servlet 'dispatcherServlet'
2020-01-22 10:10:33.125  INFO 20552 --- [http-nio-9090-exec-1] o.s.web.servlet.DispatcherServlet        : Completed initialization in 16 ms
2020-01-22 10:14:02.722  INFO 20552 --- [SpringContextShutdownHook] o.s.s.concurrent.ThreadPoolTaskExecutor  : Shutting down ExecutorService 'applicationTaskExecutor'
2020-01-22 10:14:08.747  INFO 12012 --- [main] z.o.loganalysis.LoganalysisApplication   : Starting LoganalysisApplication on Dell-PC with PID 12012 (D:\fancky\Git\Java\Work\loganalysis\target\classes started by Administrator in D:\fancky\Git\Java\Work\loganalysis)
2020-01-22 10:14:08.750  INFO 12012 --- [main] z.o.loganalysis.LoganalysisApplication   : No active profile set, falling back to default profiles: default
2020-01-22 10:14:10.006  INFO 12012 --- [main] o.s.b.w.embedded.tomcat.TomcatWebServer  : Tomcat initialized with port(s): 9090 (http)
2020-01-22 10:14:10.015  INFO 12012 --- [main] o.apache.catalina.core.StandardService   : Starting service [Tomcat]
2020-01-22 10:14:10.015  INFO 12012 --- [main] org.apache.catalina.core.StandardEngine  : Starting Servlet engine: [Apache Tomcat/9.0.29]
2020-01-22 10:14:10.087  INFO 12012 --- [main] o.a.c.c.C.[Tomcat].[localhost].[/]       : Initializing Spring embedded WebApplicationContext
2020-01-22 10:14:10.087  INFO 12012 --- [main] o.s.web.context.ContextLoader            : Root WebApplicationContext: initialization completed in 1085 ms
2020-01-22 10:14:10.255  INFO 12012 --- [main] o.s.s.concurrent.ThreadPoolTaskExecutor  : Initializing ExecutorService 'applicationTaskExecutor'
2020-01-22 10:14:10.310  INFO 12012 --- [main] o.s.b.a.w.s.WelcomePageHandlerMapping    : Adding welcome page template: index
2020-01-22 10:14:10.429  INFO 12012 --- [main] o.s.b.w.embedded.tomcat.TomcatWebServer  : Tomcat started on port(s): 9090 (http) with context path ''
2020-01-22 10:14:10.432  INFO 12012 --- [main] z.o.loganalysis.LoganalysisApplication   : Started LoganalysisApplication in 2.286 seconds (JVM running for 3.567)
2020-01-22 10:14:16.974  INFO 12012 --- [http-nio-9090-exec-1] o.a.c.c.C.[Tomcat].[localhost].[/]       : Initializing Spring DispatcherServlet 'dispatcherServlet'
2020-01-22 10:14:16.974  INFO 12012 --- [http-nio-9090-exec-1] o.s.web.servlet.DispatcherServlet        : Initializing Servlet 'dispatcherServlet'
2020-01-22 10:14:16.988  INFO 12012 --- [http-nio-9090-exec-1] o.s.web.servlet.DispatcherServlet        : Completed initialization in 13 ms
2020-01-22 10:15:40.618  INFO 12012 --- [SpringContextShutdownHook] o.s.s.concurrent.ThreadPoolTaskExecutor  : Shutting down ExecutorService 'applicationTaskExecutor'
2020-01-22 10:15:46.490  INFO 11564 --- [main] z.o.loganalysis.LoganalysisApplication   : Starting LoganalysisApplication on Dell-PC with PID 11564 (D:\fancky\Git\Java\Work\loganalysis\target\classes started by Administrator in D:\fancky\Git\Java\Work\loganalysis)
2020-01-22 10:15:46.493  INFO 11564 --- [main] z.o.loganalysis.LoganalysisApplication   : No active profile set, falling back to default profiles: default
2020-01-22 10:15:47.574  INFO 11564 --- [main] o.s.b.w.embedded.tomcat.TomcatWebServer  : Tomcat initialized with port(s): 9090 (http)
2020-01-22 10:15:47.583  INFO 11564 --- [main] o.apache.catalina.core.StandardService   : Starting service [Tomcat]
2020-01-22 10:15:47.584  INFO 11564 --- [main] org.apache.catalina.core.StandardEngine  : Starting Servlet engine: [Apache Tomcat/9.0.29]
2020-01-22 10:15:47.659  INFO 11564 --- [main] o.a.c.c.C.[Tomcat].[localhost].[/]       : Initializing Spring embedded WebApplicationContext
2020-01-22 10:15:47.659  INFO 11564 --- [main] o.s.web.context.ContextLoader            : Root WebApplicationContext: initialization completed in 1120 ms
2020-01-22 10:15:48.033  INFO 11564 --- [main] o.s.s.concurrent.ThreadPoolTaskExecutor  : Initializing ExecutorService 'applicationTaskExecutor'
2020-01-22 10:15:48.211  INFO 11564 --- [main] o.s.b.a.w.s.WelcomePageHandlerMapping    : Adding welcome page template: index
2020-01-22 10:15:48.555  INFO 11564 --- [main] o.s.b.w.embedded.tomcat.TomcatWebServer  : Tomcat started on port(s): 9090 (http) with context path ''
2020-01-22 10:15:48.564  INFO 11564 --- [main] z.o.loganalysis.LoganalysisApplication   : Started LoganalysisApplication in 2.662 seconds (JVM running for 3.885)
2020-01-22 10:15:55.128  INFO 11564 --- [http-nio-9090-exec-1] o.a.c.c.C.[Tomcat].[localhost].[/]       : Initializing Spring DispatcherServlet 'dispatcherServlet'
2020-01-22 10:15:55.129  INFO 11564 --- [http-nio-9090-exec-1] o.s.web.servlet.DispatcherServlet        : Initializing Servlet 'dispatcherServlet'
2020-01-22 10:15:55.153  INFO 11564 --- [http-nio-9090-exec-1] o.s.web.servlet.DispatcherServlet        : Completed initialization in 24 ms
2020-01-22 10:17:31.191  INFO 11564 --- [SpringContextShutdownHook] o.s.s.concurrent.ThreadPoolTaskExecutor  : Shutting down ExecutorService 'applicationTaskExecutor'
2020-01-22 10:17:39.474  INFO 11716 --- [main] z.o.loganalysis.LoganalysisApplication   : Starting LoganalysisApplication on Dell-PC with PID 11716 (D:\fancky\Git\Java\Work\loganalysis\target\classes started by Administrator in D:\fancky\Git\Java\Work\loganalysis)
2020-01-22 10:17:39.478  INFO 11716 --- [main] z.o.loganalysis.LoganalysisApplication   : No active profile set, falling back to default profiles: default
2020-01-22 10:17:40.759  INFO 11716 --- [main] o.s.b.w.embedded.tomcat.TomcatWebServer  : Tomcat initialized with port(s): 9090 (http)
2020-01-22 10:17:40.786  INFO 11716 --- [main] o.apache.catalina.core.StandardService   : Starting service [Tomcat]
2020-01-22 10:17:40.786  INFO 11716 --- [main] org.apache.catalina.core.StandardEngine  : Starting Servlet engine: [Apache Tomcat/9.0.29]
2020-01-22 10:17:40.973  INFO 11716 --- [main] o.a.c.c.C.[Tomcat].[localhost].[/]       : Initializing Spring embedded WebApplicationContext
2020-01-22 10:17:40.973  INFO 11716 --- [main] o.s.web.context.ContextLoader            : Root WebApplicationContext: initialization completed in 1438 ms
2020-01-22 10:17:41.423  INFO 11716 --- [main] o.s.s.concurrent.ThreadPoolTaskExecutor  : Initializing ExecutorService 'applicationTaskExecutor'
2020-01-22 10:17:41.587  INFO 11716 --- [main] o.s.b.a.w.s.WelcomePageHandlerMapping    : Adding welcome page template: index
2020-01-22 10:17:41.982  INFO 11716 --- [main] o.s.b.w.embedded.tomcat.TomcatWebServer  : Tomcat started on port(s): 9090 (http) with context path ''
2020-01-22 10:17:41.990  INFO 11716 --- [main] z.o.loganalysis.LoganalysisApplication   : Started LoganalysisApplication in 3.355 seconds (JVM running for 4.6)
2020-01-22 10:17:44.868  INFO 11716 --- [http-nio-9090-exec-1] o.a.c.c.C.[Tomcat].[localhost].[/]       : Initializing Spring DispatcherServlet 'dispatcherServlet'
2020-01-22 10:17:44.868  INFO 11716 --- [http-nio-9090-exec-1] o.s.web.servlet.DispatcherServlet        : Initializing Servlet 'dispatcherServlet'
2020-01-22 10:17:44.878  INFO 11716 --- [http-nio-9090-exec-1] o.s.web.servlet.DispatcherServlet        : Completed initialization in 10 ms
2020-01-22 10:20:08.233  INFO 11716 --- [SpringContextShutdownHook] o.s.s.concurrent.ThreadPoolTaskExecutor  : Shutting down ExecutorService 'applicationTaskExecutor'
2020-01-22 10:20:37.041  INFO 12636 --- [main] z.o.loganalysis.LoganalysisApplication   : Starting LoganalysisApplication on Dell-PC with PID 12636 (D:\fancky\Git\Java\Work\loganalysis\target\classes started by Administrator in D:\fancky\Git\Java\Work\loganalysis)
2020-01-22 10:20:37.049  INFO 12636 --- [main] z.o.loganalysis.LoganalysisApplication   : No active profile set, falling back to default profiles: default
2020-01-22 10:20:38.529  INFO 12636 --- [main] o.s.b.w.embedded.tomcat.TomcatWebServer  : Tomcat initialized with port(s): 9090 (http)
2020-01-22 10:20:38.555  INFO 12636 --- [main] o.apache.catalina.core.StandardService   : Starting service [Tomcat]
2020-01-22 10:20:38.556  INFO 12636 --- [main] org.apache.catalina.core.StandardEngine  : Starting Servlet engine: [Apache Tomcat/9.0.29]
2020-01-22 10:20:38.809  INFO 12636 --- [main] o.a.c.c.C.[Tomcat].[localhost].[/]       : Initializing Spring embedded WebApplicationContext
2020-01-22 10:20:38.810  INFO 12636 --- [main] o.s.web.context.ContextLoader            : Root WebApplicationContext: initialization completed in 1669 ms
2020-01-22 10:20:39.385  INFO 12636 --- [main] o.s.s.concurrent.ThreadPoolTaskExecutor  : Initializing ExecutorService 'applicationTaskExecutor'
2020-01-22 10:20:39.542  INFO 12636 --- [main] o.s.b.a.w.s.WelcomePageHandlerMapping    : Adding welcome page template: index
2020-01-22 10:20:39.902  INFO 12636 --- [main] o.s.b.w.embedded.tomcat.TomcatWebServer  : Tomcat started on port(s): 9090 (http) with context path ''
2020-01-22 10:20:39.912  INFO 12636 --- [main] z.o.loganalysis.LoganalysisApplication   : Started LoganalysisApplication in 3.456 seconds (JVM running for 4.624)
2020-01-22 10:20:43.316  INFO 12636 --- [http-nio-9090-exec-1] o.a.c.c.C.[Tomcat].[localhost].[/]       : Initializing Spring DispatcherServlet 'dispatcherServlet'
2020-01-22 10:20:43.317  INFO 12636 --- [http-nio-9090-exec-1] o.s.web.servlet.DispatcherServlet        : Initializing Servlet 'dispatcherServlet'
2020-01-22 10:20:43.335  INFO 12636 --- [http-nio-9090-exec-1] o.s.web.servlet.DispatcherServlet        : Completed initialization in 17 ms
2020-01-22 10:22:34.542  INFO 12636 --- [SpringContextShutdownHook] o.s.s.concurrent.ThreadPoolTaskExecutor  : Shutting down ExecutorService 'applicationTaskExecutor'
2020-01-22 10:22:46.886  INFO 26584 --- [main] z.o.loganalysis.LoganalysisApplication   : Starting LoganalysisApplication on Dell-PC with PID 26584 (D:\fancky\Git\Java\Work\loganalysis\target\classes started by Administrator in D:\fancky\Git\Java\Work\loganalysis)
2020-01-22 10:22:46.890  INFO 26584 --- [main] z.o.loganalysis.LoganalysisApplication   : No active profile set, falling back to default profiles: default
2020-01-22 10:22:48.191  INFO 26584 --- [main] o.s.b.w.embedded.tomcat.TomcatWebServer  : Tomcat initialized with port(s): 9090 (http)
2020-01-22 10:22:48.200  INFO 26584 --- [main] o.apache.catalina.core.StandardService   : Starting service [Tomcat]
2020-01-22 10:22:48.201  INFO 26584 --- [main] org.apache.catalina.core.StandardEngine  : Starting Servlet engine: [Apache Tomcat/9.0.29]
2020-01-22 10:22:48.274  INFO 26584 --- [main] o.a.c.c.C.[Tomcat].[localhost].[/]       : Initializing Spring embedded WebApplicationContext
2020-01-22 10:22:48.274  INFO 26584 --- [main] o.s.web.context.ContextLoader            : Root WebApplicationContext: initialization completed in 1227 ms
2020-01-22 10:22:48.441  INFO 26584 --- [main] o.s.s.concurrent.ThreadPoolTaskExecutor  : Initializing ExecutorService 'applicationTaskExecutor'
2020-01-22 10:22:48.508  INFO 26584 --- [main] o.s.b.a.w.s.WelcomePageHandlerMapping    : Adding welcome page template: index
2020-01-22 10:22:48.660  INFO 26584 --- [main] o.s.b.w.embedded.tomcat.TomcatWebServer  : Tomcat started on port(s): 9090 (http) with context path ''
2020-01-22 10:22:48.664  INFO 26584 --- [main] z.o.loganalysis.LoganalysisApplication   : Started LoganalysisApplication in 2.419 seconds (JVM running for 3.699)
2020-01-22 10:22:53.460  INFO 26584 --- [http-nio-9090-exec-1] o.a.c.c.C.[Tomcat].[localhost].[/]       : Initializing Spring DispatcherServlet 'dispatcherServlet'
2020-01-22 10:22:53.461  INFO 26584 --- [http-nio-9090-exec-1] o.s.web.servlet.DispatcherServlet        : Initializing Servlet 'dispatcherServlet'
2020-01-22 10:22:53.479  INFO 26584 --- [http-nio-9090-exec-1] o.s.web.servlet.DispatcherServlet        : Completed initialization in 17 ms
2020-01-22 10:24:01.141  INFO 26584 --- [SpringContextShutdownHook] o.s.s.concurrent.ThreadPoolTaskExecutor  : Shutting down ExecutorService 'applicationTaskExecutor'
2020-01-22 10:24:07.348  INFO 26532 --- [main] z.o.loganalysis.LoganalysisApplication   : Starting LoganalysisApplication on Dell-PC with PID 26532 (D:\fancky\Git\Java\Work\loganalysis\target\classes started by Administrator in D:\fancky\Git\Java\Work\loganalysis)
2020-01-22 10:24:07.360  INFO 26532 --- [main] z.o.loganalysis.LoganalysisApplication   : No active profile set, falling back to default profiles: default
2020-01-22 10:24:08.283  INFO 26532 --- [main] o.s.b.w.embedded.tomcat.TomcatWebServer  : Tomcat initialized with port(s): 9090 (http)
2020-01-22 10:24:08.292  INFO 26532 --- [main] o.apache.catalina.core.StandardService   : Starting service [Tomcat]
2020-01-22 10:24:08.292  INFO 26532 --- [main] org.apache.catalina.core.StandardEngine  : Starting Servlet engine: [Apache Tomcat/9.0.29]
2020-01-22 10:24:08.366  INFO 26532 --- [main] o.a.c.c.C.[Tomcat].[localhost].[/]       : Initializing Spring embedded WebApplicationContext
2020-01-22 10:24:08.366  INFO 26532 --- [main] o.s.web.context.ContextLoader            : Root WebApplicationContext: initialization completed in 928 ms
2020-01-22 10:24:08.531  INFO 26532 --- [main] o.s.s.concurrent.ThreadPoolTaskExecutor  : Initializing ExecutorService 'applicationTaskExecutor'
2020-01-22 10:24:08.600  INFO 26532 --- [main] o.s.b.a.w.s.WelcomePageHandlerMapping    : Adding welcome page template: index
2020-01-22 10:24:08.755  INFO 26532 --- [main] o.s.b.w.embedded.tomcat.TomcatWebServer  : Tomcat started on port(s): 9090 (http) with context path ''
2020-01-22 10:24:08.759  INFO 26532 --- [main] z.o.loganalysis.LoganalysisApplication   : Started LoganalysisApplication in 2.249 seconds (JVM running for 3.641)
2020-01-22 10:24:12.600  INFO 26532 --- [http-nio-9090-exec-1] o.a.c.c.C.[Tomcat].[localhost].[/]       : Initializing Spring DispatcherServlet 'dispatcherServlet'
2020-01-22 10:24:12.601  INFO 26532 --- [http-nio-9090-exec-1] o.s.web.servlet.DispatcherServlet        : Initializing Servlet 'dispatcherServlet'
2020-01-22 10:24:12.616  INFO 26532 --- [http-nio-9090-exec-1] o.s.web.servlet.DispatcherServlet        : Completed initialization in 14 ms
2020-01-22 10:24:55.829  INFO 26532 --- [SpringContextShutdownHook] o.s.s.concurrent.ThreadPoolTaskExecutor  : Shutting down ExecutorService 'applicationTaskExecutor'
2020-01-22 10:25:13.884  INFO 31576 --- [main] z.o.loganalysis.LoganalysisApplication   : Starting LoganalysisApplication on Dell-PC with PID 31576 (D:\fancky\Git\Java\Work\loganalysis\target\classes started by Administrator in D:\fancky\Git\Java\Work\loganalysis)
2020-01-22 10:25:13.886  INFO 31576 --- [main] z.o.loganalysis.LoganalysisApplication   : No active profile set, falling back to default profiles: default
2020-01-22 10:25:14.757  INFO 31576 --- [main] o.s.b.w.embedded.tomcat.TomcatWebServer  : Tomcat initialized with port(s): 9090 (http)
2020-01-22 10:25:14.765  INFO 31576 --- [main] o.apache.catalina.core.StandardService   : Starting service [Tomcat]
2020-01-22 10:25:14.766  INFO 31576 --- [main] org.apache.catalina.core.StandardEngine  : Starting Servlet engine: [Apache Tomcat/9.0.29]
2020-01-22 10:25:14.845  INFO 31576 --- [main] o.a.c.c.C.[Tomcat].[localhost].[/]       : Initializing Spring embedded WebApplicationContext
2020-01-22 10:25:14.846  INFO 31576 --- [main] o.s.web.context.ContextLoader            : Root WebApplicationContext: initialization completed in 925 ms
2020-01-22 10:25:14.993  INFO 31576 --- [main] o.s.s.concurrent.ThreadPoolTaskExecutor  : Initializing ExecutorService 'applicationTaskExecutor'
2020-01-22 10:25:15.050  INFO 31576 --- [main] o.s.b.a.w.s.WelcomePageHandlerMapping    : Adding welcome page template: index
2020-01-22 10:25:15.165  INFO 31576 --- [main] o.s.b.w.embedded.tomcat.TomcatWebServer  : Tomcat started on port(s): 9090 (http) with context path ''
2020-01-22 10:25:15.168  INFO 31576 --- [main] z.o.loganalysis.LoganalysisApplication   : Started LoganalysisApplication in 2.303 seconds (JVM running for 3.822)
2020-01-22 10:25:18.914  INFO 31576 --- [http-nio-9090-exec-1] o.a.c.c.C.[Tomcat].[localhost].[/]       : Initializing Spring DispatcherServlet 'dispatcherServlet'
2020-01-22 10:25:18.914  INFO 31576 --- [http-nio-9090-exec-1] o.s.web.servlet.DispatcherServlet        : Initializing Servlet 'dispatcherServlet'
2020-01-22 10:25:18.935  INFO 31576 --- [http-nio-9090-exec-1] o.s.web.servlet.DispatcherServlet        : Completed initialization in 20 ms
2020-01-22 10:26:55.186  INFO 31576 --- [SpringContextShutdownHook] o.s.s.concurrent.ThreadPoolTaskExecutor  : Shutting down ExecutorService 'applicationTaskExecutor'
2020-01-22 10:27:01.193  INFO 14896 --- [main] z.o.loganalysis.LoganalysisApplication   : Starting LoganalysisApplication on Dell-PC with PID 14896 (D:\fancky\Git\Java\Work\loganalysis\target\classes started by Administrator in D:\fancky\Git\Java\Work\loganalysis)
2020-01-22 10:27:01.196  INFO 14896 --- [main] z.o.loganalysis.LoganalysisApplication   : No active profile set, falling back to default profiles: default
2020-01-22 10:27:02.136  INFO 14896 --- [main] o.s.b.w.embedded.tomcat.TomcatWebServer  : Tomcat initialized with port(s): 9090 (http)
2020-01-22 10:27:02.151  INFO 14896 --- [main] o.apache.catalina.core.StandardService   : Starting service [Tomcat]
2020-01-22 10:27:02.152  INFO 14896 --- [main] org.apache.catalina.core.StandardEngine  : Starting Servlet engine: [Apache Tomcat/9.0.29]
2020-01-22 10:27:02.450  INFO 14896 --- [main] o.a.c.c.C.[Tomcat].[localhost].[/]       : Initializing Spring embedded WebApplicationContext
2020-01-22 10:27:02.451  INFO 14896 --- [main] o.s.web.context.ContextLoader            : Root WebApplicationContext: initialization completed in 1177 ms
2020-01-22 10:27:02.915  INFO 14896 --- [main] o.s.s.concurrent.ThreadPoolTaskExecutor  : Initializing ExecutorService 'applicationTaskExecutor'
2020-01-22 10:27:03.069  INFO 14896 --- [main] o.s.b.a.w.s.WelcomePageHandlerMapping    : Adding welcome page template: index
2020-01-22 10:27:03.407  INFO 14896 --- [main] o.s.b.w.embedded.tomcat.TomcatWebServer  : Tomcat started on port(s): 9090 (http) with context path ''
2020-01-22 10:27:03.418  INFO 14896 --- [main] z.o.loganalysis.LoganalysisApplication   : Started LoganalysisApplication in 3.067 seconds (JVM running for 4.12)
2020-01-22 10:27:10.381  INFO 14896 --- [http-nio-9090-exec-1] o.a.c.c.C.[Tomcat].[localhost].[/]       : Initializing Spring DispatcherServlet 'dispatcherServlet'
2020-01-22 10:27:10.382  INFO 14896 --- [http-nio-9090-exec-1] o.s.web.servlet.DispatcherServlet        : Initializing Servlet 'dispatcherServlet'
2020-01-22 10:27:10.398  INFO 14896 --- [http-nio-9090-exec-1] o.s.web.servlet.DispatcherServlet        : Completed initialization in 14 ms
2020-01-22 10:30:25.482  INFO 14896 --- [SpringContextShutdownHook] o.s.s.concurrent.ThreadPoolTaskExecutor  : Shutting down ExecutorService 'applicationTaskExecutor'
2020-01-22 10:33:15.280  INFO 26236 --- [main] z.o.loganalysis.LoganalysisApplication   : Starting LoganalysisApplication on Dell-PC with PID 26236 (D:\fancky\Git\Java\Work\loganalysis\target\classes started by Administrator in D:\fancky\Git\Java\Work\loganalysis)
2020-01-22 10:33:15.283  INFO 26236 --- [main] z.o.loganalysis.LoganalysisApplication   : No active profile set, falling back to default profiles: default
2020-01-22 10:33:16.231  INFO 26236 --- [main] o.s.b.w.embedded.tomcat.TomcatWebServer  : Tomcat initialized with port(s): 9090 (http)
2020-01-22 10:33:16.241  INFO 26236 --- [main] o.apache.catalina.core.StandardService   : Starting service [Tomcat]
2020-01-22 10:33:16.241  INFO 26236 --- [main] org.apache.catalina.core.StandardEngine  : Starting Servlet engine: [Apache Tomcat/9.0.29]
2020-01-22 10:33:16.341  INFO 26236 --- [main] o.a.c.c.C.[Tomcat].[localhost].[/]       : Initializing Spring embedded WebApplicationContext
2020-01-22 10:33:16.342  INFO 26236 --- [main] o.s.web.context.ContextLoader            : Root WebApplicationContext: initialization completed in 1012 ms
2020-01-22 10:33:16.533  INFO 26236 --- [main] o.s.s.concurrent.ThreadPoolTaskExecutor  : Initializing ExecutorService 'applicationTaskExecutor'
2020-01-22 10:33:16.602  INFO 26236 --- [main] o.s.b.a.w.s.WelcomePageHandlerMapping    : Adding welcome page template: index
2020-01-22 10:33:16.726  INFO 26236 --- [main] o.s.b.w.embedded.tomcat.TomcatWebServer  : Tomcat started on port(s): 9090 (http) with context path ''
2020-01-22 10:33:16.729  INFO 26236 --- [main] z.o.loganalysis.LoganalysisApplication   : Started LoganalysisApplication in 2.168 seconds (JVM running for 3.476)
2020-01-22 10:33:28.816  INFO 26236 --- [http-nio-9090-exec-1] o.a.c.c.C.[Tomcat].[localhost].[/]       : Initializing Spring DispatcherServlet 'dispatcherServlet'
2020-01-22 10:33:28.817  INFO 26236 --- [http-nio-9090-exec-1] o.s.web.servlet.DispatcherServlet        : Initializing Servlet 'dispatcherServlet'
2020-01-22 10:33:28.831  INFO 26236 --- [http-nio-9090-exec-1] o.s.web.servlet.DispatcherServlet        : Completed initialization in 12 ms
2020-01-22 10:33:42.689  INFO 26236 --- [SpringContextShutdownHook] o.s.s.concurrent.ThreadPoolTaskExecutor  : Shutting down ExecutorService 'applicationTaskExecutor'
2020-01-22 10:35:03.611  INFO 4660 --- [main] z.o.loganalysis.LoganalysisApplication   : Starting LoganalysisApplication on Dell-PC with PID 4660 (D:\fancky\Git\Java\Work\loganalysis\target\classes started by Administrator in D:\fancky\Git\Java\Work\loganalysis)
2020-01-22 10:35:03.614  INFO 4660 --- [main] z.o.loganalysis.LoganalysisApplication   : No active profile set, falling back to default profiles: default
2020-01-22 10:35:04.737  INFO 4660 --- [main] o.s.b.w.embedded.tomcat.TomcatWebServer  : Tomcat initialized with port(s): 9090 (http)
2020-01-22 10:35:04.747  INFO 4660 --- [main] o.apache.catalina.core.StandardService   : Starting service [Tomcat]
2020-01-22 10:35:04.747  INFO 4660 --- [main] org.apache.catalina.core.StandardEngine  : Starting Servlet engine: [Apache Tomcat/9.0.29]
2020-01-22 10:35:04.835  INFO 4660 --- [main] o.a.c.c.C.[Tomcat].[localhost].[/]       : Initializing Spring embedded WebApplicationContext
2020-01-22 10:35:04.835  INFO 4660 --- [main] o.s.web.context.ContextLoader            : Root WebApplicationContext: initialization completed in 1176 ms
2020-01-22 10:35:05.002  INFO 4660 --- [main] o.s.s.concurrent.ThreadPoolTaskExecutor  : Initializing ExecutorService 'applicationTaskExecutor'
2020-01-22 10:35:05.058  INFO 4660 --- [main] o.s.b.a.w.s.WelcomePageHandlerMapping    : Adding welcome page template: index
2020-01-22 10:35:05.178  INFO 4660 --- [main] o.s.b.w.embedded.tomcat.TomcatWebServer  : Tomcat started on port(s): 9090 (http) with context path ''
2020-01-22 10:35:05.181  INFO 4660 --- [main] z.o.loganalysis.LoganalysisApplication   : Started LoganalysisApplication in 2.142 seconds (JVM running for 3.315)
2020-01-22 10:35:08.064  INFO 4660 --- [http-nio-9090-exec-1] o.a.c.c.C.[Tomcat].[localhost].[/]       : Initializing Spring DispatcherServlet 'dispatcherServlet'
2020-01-22 10:35:08.065  INFO 4660 --- [http-nio-9090-exec-1] o.s.web.servlet.DispatcherServlet        : Initializing Servlet 'dispatcherServlet'
2020-01-22 10:35:08.081  INFO 4660 --- [http-nio-9090-exec-1] o.s.web.servlet.DispatcherServlet        : Completed initialization in 16 ms
2020-01-22 10:36:43.338  INFO 4660 --- [SpringContextShutdownHook] o.s.s.concurrent.ThreadPoolTaskExecutor  : Shutting down ExecutorService 'applicationTaskExecutor'
2020-01-22 10:37:32.294  INFO 31428 --- [main] z.o.loganalysis.LoganalysisApplication   : Starting LoganalysisApplication on Dell-PC with PID 31428 (D:\fancky\Git\Java\Work\loganalysis\target\classes started by Administrator in D:\fancky\Git\Java\Work\loganalysis)
2020-01-22 10:37:32.299  INFO 31428 --- [main] z.o.loganalysis.LoganalysisApplication   : No active profile set, falling back to default profiles: default
2020-01-22 10:37:33.665  INFO 31428 --- [main] o.s.b.w.embedded.tomcat.TomcatWebServer  : Tomcat initialized with port(s): 9090 (http)
2020-01-22 10:37:33.676  INFO 31428 --- [main] o.apache.catalina.core.StandardService   : Starting service [Tomcat]
2020-01-22 10:37:33.676  INFO 31428 --- [main] org.apache.catalina.core.StandardEngine  : Starting Servlet engine: [Apache Tomcat/9.0.29]
2020-01-22 10:37:33.776  INFO 31428 --- [main] o.a.c.c.C.[Tomcat].[localhost].[/]       : Initializing Spring embedded WebApplicationContext
2020-01-22 10:37:33.777  INFO 31428 --- [main] o.s.web.context.ContextLoader            : Root WebApplicationContext: initialization completed in 1426 ms
2020-01-22 10:37:34.012  INFO 31428 --- [main] o.s.s.concurrent.ThreadPoolTaskExecutor  : Initializing ExecutorService 'applicationTaskExecutor'
2020-01-22 10:37:34.097  INFO 31428 --- [main] o.s.b.a.w.s.WelcomePageHandlerMapping    : Adding welcome page template: index
2020-01-22 10:37:34.242  INFO 31428 --- [main] o.s.b.w.embedded.tomcat.TomcatWebServer  : Tomcat started on port(s): 9090 (http) with context path ''
2020-01-22 10:37:34.245  INFO 31428 --- [main] z.o.loganalysis.LoganalysisApplication   : Started LoganalysisApplication in 3.226 seconds (JVM running for 5.258)
2020-01-22 10:44:54.261  INFO 31428 --- [SpringContextShutdownHook] o.s.s.concurrent.ThreadPoolTaskExecutor  : Shutting down ExecutorService 'applicationTaskExecutor'
2020-01-22 10:45:17.376  INFO 1828 --- [main] z.o.loganalysis.LoganalysisApplication   : Starting LoganalysisApplication on Dell-PC with PID 1828 (D:\fancky\Git\Java\Work\loganalysis\target\classes started by Administrator in D:\fancky\Git\Java\Work\loganalysis)
2020-01-22 10:45:17.385  INFO 1828 --- [main] z.o.loganalysis.LoganalysisApplication   : No active profile set, falling back to default profiles: default
2020-01-22 10:45:18.492  INFO 1828 --- [main] o.s.b.w.embedded.tomcat.TomcatWebServer  : Tomcat initialized with port(s): 9090 (http)
2020-01-22 10:45:18.499  INFO 1828 --- [main] o.apache.catalina.core.StandardService   : Starting service [Tomcat]
2020-01-22 10:45:18.500  INFO 1828 --- [main] org.apache.catalina.core.StandardEngine  : Starting Servlet engine: [Apache Tomcat/9.0.29]
2020-01-22 10:45:18.565  INFO 1828 --- [main] o.a.c.c.C.[Tomcat].[localhost].[/]       : Initializing Spring embedded WebApplicationContext
2020-01-22 10:45:18.565  INFO 1828 --- [main] o.s.web.context.ContextLoader            : Root WebApplicationContext: initialization completed in 1052 ms
2020-01-22 10:45:18.733  INFO 1828 --- [main] o.s.s.concurrent.ThreadPoolTaskExecutor  : Initializing ExecutorService 'applicationTaskExecutor'
2020-01-22 10:45:18.792  INFO 1828 --- [main] o.s.b.a.w.s.WelcomePageHandlerMapping    : Adding welcome page template: index
2020-01-22 10:45:18.913  INFO 1828 --- [main] o.s.b.w.embedded.tomcat.TomcatWebServer  : Tomcat started on port(s): 9090 (http) with context path ''
2020-01-22 10:45:18.915  INFO 1828 --- [main] z.o.loganalysis.LoganalysisApplication   : Started LoganalysisApplication in 2.055 seconds (JVM running for 3.284)
2020-01-22 10:45:23.529  INFO 1828 --- [http-nio-9090-exec-1] o.a.c.c.C.[Tomcat].[localhost].[/]       : Initializing Spring DispatcherServlet 'dispatcherServlet'
2020-01-22 10:45:23.530  INFO 1828 --- [http-nio-9090-exec-1] o.s.web.servlet.DispatcherServlet        : Initializing Servlet 'dispatcherServlet'
2020-01-22 10:45:23.546  INFO 1828 --- [http-nio-9090-exec-1] o.s.web.servlet.DispatcherServlet        : Completed initialization in 15 ms
2020-01-22 11:10:56.252  INFO 1828 --- [SpringContextShutdownHook] o.s.s.concurrent.ThreadPoolTaskExecutor  : Shutting down ExecutorService 'applicationTaskExecutor'
2020-01-22 11:12:13.878  INFO 14356 --- [main] z.o.loganalysis.LoganalysisApplication   : Starting LoganalysisApplication on Dell-PC with PID 14356 (D:\fancky\Git\Java\Work\loganalysis\target\classes started by Administrator in D:\fancky\Git\Java\Work\loganalysis)
2020-01-22 11:12:13.881  INFO 14356 --- [main] z.o.loganalysis.LoganalysisApplication   : No active profile set, falling back to default profiles: default
2020-01-22 11:12:14.757  INFO 14356 --- [main] o.s.b.w.embedded.tomcat.TomcatWebServer  : Tomcat initialized with port(s): 9090 (http)
2020-01-22 11:12:14.765  INFO 14356 --- [main] o.apache.catalina.core.StandardService   : Starting service [Tomcat]
2020-01-22 11:12:14.765  INFO 14356 --- [main] org.apache.catalina.core.StandardEngine  : Starting Servlet engine: [Apache Tomcat/9.0.29]
2020-01-22 11:12:14.832  INFO 14356 --- [main] o.a.c.c.C.[Tomcat].[localhost].[/]       : Initializing Spring embedded WebApplicationContext
2020-01-22 11:12:14.832  INFO 14356 --- [main] o.s.web.context.ContextLoader            : Root WebApplicationContext: initialization completed in 912 ms
2020-01-22 11:12:15.071  INFO 14356 --- [main] o.s.s.concurrent.ThreadPoolTaskExecutor  : Initializing ExecutorService 'applicationTaskExecutor'
2020-01-22 11:12:15.253  INFO 14356 --- [main] o.s.b.a.w.s.WelcomePageHandlerMapping    : Adding welcome page template: index
2020-01-22 11:12:15.628  INFO 14356 --- [main] o.s.b.w.embedded.tomcat.TomcatWebServer  : Tomcat started on port(s): 9090 (http) with context path ''
2020-01-22 11:12:15.637  INFO 14356 --- [main] z.o.loganalysis.LoganalysisApplication   : Started LoganalysisApplication in 2.433 seconds (JVM running for 3.53)
2020-01-22 11:12:21.405  INFO 14356 --- [http-nio-9090-exec-1] o.a.c.c.C.[Tomcat].[localhost].[/]       : Initializing Spring DispatcherServlet 'dispatcherServlet'
2020-01-22 11:12:21.406  INFO 14356 --- [http-nio-9090-exec-1] o.s.web.servlet.DispatcherServlet        : Initializing Servlet 'dispatcherServlet'
2020-01-22 11:12:21.421  INFO 14356 --- [http-nio-9090-exec-1] o.s.web.servlet.DispatcherServlet        : Completed initialization in 15 ms
2020-01-22 11:14:44.879  INFO 14356 --- [SpringContextShutdownHook] o.s.s.concurrent.ThreadPoolTaskExecutor  : Shutting down ExecutorService 'applicationTaskExecutor'
2020-01-22 11:14:50.449  INFO 10380 --- [main] z.o.loganalysis.LoganalysisApplication   : Starting LoganalysisApplication on Dell-PC with PID 10380 (D:\fancky\Git\Java\Work\loganalysis\target\classes started by Administrator in D:\fancky\Git\Java\Work\loganalysis)
2020-01-22 11:14:50.452  INFO 10380 --- [main] z.o.loganalysis.LoganalysisApplication   : No active profile set, falling back to default profiles: default
2020-01-22 11:14:51.506  INFO 10380 --- [main] o.s.b.w.embedded.tomcat.TomcatWebServer  : Tomcat initialized with port(s): 9090 (http)
2020-01-22 11:14:51.514  INFO 10380 --- [main] o.apache.catalina.core.StandardService   : Starting service [Tomcat]
2020-01-22 11:14:51.514  INFO 10380 --- [main] org.apache.catalina.core.StandardEngine  : Starting Servlet engine: [Apache Tomcat/9.0.29]
2020-01-22 11:14:51.601  INFO 10380 --- [main] o.a.c.c.C.[Tomcat].[localhost].[/]       : Initializing Spring embedded WebApplicationContext
2020-01-22 11:14:51.601  INFO 10380 --- [main] o.s.web.context.ContextLoader            : Root WebApplicationContext: initialization completed in 1101 ms
2020-01-22 11:14:51.753  INFO 10380 --- [main] o.s.s.concurrent.ThreadPoolTaskExecutor  : Initializing ExecutorService 'applicationTaskExecutor'
2020-01-22 11:14:51.804  INFO 10380 --- [main] o.s.b.a.w.s.WelcomePageHandlerMapping    : Adding welcome page template: index
2020-01-22 11:14:51.912  INFO 10380 --- [main] o.s.b.w.embedded.tomcat.TomcatWebServer  : Tomcat started on port(s): 9090 (http) with context path ''
2020-01-22 11:14:51.914  INFO 10380 --- [main] z.o.loganalysis.LoganalysisApplication   : Started LoganalysisApplication in 1.938 seconds (JVM running for 3.119)
2020-01-22 11:15:28.423  INFO 10380 --- [http-nio-9090-exec-1] o.a.c.c.C.[Tomcat].[localhost].[/]       : Initializing Spring DispatcherServlet 'dispatcherServlet'
2020-01-22 11:15:28.424  INFO 10380 --- [http-nio-9090-exec-1] o.s.web.servlet.DispatcherServlet        : Initializing Servlet 'dispatcherServlet'
2020-01-22 11:15:28.447  INFO 10380 --- [http-nio-9090-exec-1] o.s.web.servlet.DispatcherServlet        : Completed initialization in 22 ms
2020-01-22 11:16:13.156  INFO 10380 --- [SpringContextShutdownHook] o.s.s.concurrent.ThreadPoolTaskExecutor  : Shutting down ExecutorService 'applicationTaskExecutor'
2020-01-22 11:16:35.255  INFO 6268 --- [main] z.o.loganalysis.LoganalysisApplication   : Starting LoganalysisApplication on Dell-PC with PID 6268 (D:\fancky\Git\Java\Work\loganalysis\target\classes started by Administrator in D:\fancky\Git\Java\Work\loganalysis)
2020-01-22 11:16:35.266  INFO 6268 --- [main] z.o.loganalysis.LoganalysisApplication   : No active profile set, falling back to default profiles: default
2020-01-22 11:16:36.193  INFO 6268 --- [main] o.s.b.w.embedded.tomcat.TomcatWebServer  : Tomcat initialized with port(s): 9090 (http)
2020-01-22 11:16:36.202  INFO 6268 --- [main] o.apache.catalina.core.StandardService   : Starting service [Tomcat]
2020-01-22 11:16:36.202  INFO 6268 --- [main] org.apache.catalina.core.StandardEngine  : Starting Servlet engine: [Apache Tomcat/9.0.29]
2020-01-22 11:16:36.267  INFO 6268 --- [main] o.a.c.c.C.[Tomcat].[localhost].[/]       : Initializing Spring embedded WebApplicationContext
2020-01-22 11:16:36.268  INFO 6268 --- [main] o.s.web.context.ContextLoader            : Root WebApplicationContext: initialization completed in 929 ms
2020-01-22 11:16:36.420  INFO 6268 --- [main] o.s.s.concurrent.ThreadPoolTaskExecutor  : Initializing ExecutorService 'applicationTaskExecutor'
2020-01-22 11:16:36.482  INFO 6268 --- [main] o.s.b.a.w.s.WelcomePageHandlerMapping    : Adding welcome page template: index
2020-01-22 11:16:36.601  INFO 6268 --- [main] o.s.b.w.embedded.tomcat.TomcatWebServer  : Tomcat started on port(s): 9090 (http) with context path ''
2020-01-22 11:16:36.605  INFO 6268 --- [main] z.o.loganalysis.LoganalysisApplication   : Started LoganalysisApplication in 2.176 seconds (JVM running for 3.35)
2020-01-22 11:17:28.576  INFO 6268 --- [http-nio-9090-exec-2] o.a.c.c.C.[Tomcat].[localhost].[/]       : Initializing Spring DispatcherServlet 'dispatcherServlet'
2020-01-22 11:17:28.577  INFO 6268 --- [http-nio-9090-exec-2] o.s.web.servlet.DispatcherServlet        : Initializing Servlet 'dispatcherServlet'
2020-01-22 11:17:28.593  INFO 6268 --- [http-nio-9090-exec-2] o.s.web.servlet.DispatcherServlet        : Completed initialization in 15 ms
2020-01-22 11:19:55.189  INFO 6268 --- [SpringContextShutdownHook] o.s.s.concurrent.ThreadPoolTaskExecutor  : Shutting down ExecutorService 'applicationTaskExecutor'
2020-01-22 11:20:02.028  INFO 19252 --- [main] z.o.loganalysis.LoganalysisApplication   : Starting LoganalysisApplication on Dell-PC with PID 19252 (D:\fancky\Git\Java\Work\loganalysis\target\classes started by Administrator in D:\fancky\Git\Java\Work\loganalysis)
2020-01-22 11:20:02.076  INFO 19252 --- [main] z.o.loganalysis.LoganalysisApplication   : No active profile set, falling back to default profiles: default
2020-01-22 11:20:03.280  INFO 19252 --- [main] o.s.b.w.embedded.tomcat.TomcatWebServer  : Tomcat initialized with port(s): 9090 (http)
2020-01-22 11:20:03.288  INFO 19252 --- [main] o.apache.catalina.core.StandardService   : Starting service [Tomcat]
2020-01-22 11:20:03.288  INFO 19252 --- [main] org.apache.catalina.core.StandardEngine  : Starting Servlet engine: [Apache Tomcat/9.0.29]
2020-01-22 11:20:03.358  INFO 19252 --- [main] o.a.c.c.C.[Tomcat].[localhost].[/]       : Initializing Spring embedded WebApplicationContext
2020-01-22 11:20:03.358  INFO 19252 --- [main] o.s.web.context.ContextLoader            : Root WebApplicationContext: initialization completed in 1225 ms
2020-01-22 11:20:03.516  INFO 19252 --- [main] o.s.s.concurrent.ThreadPoolTaskExecutor  : Initializing ExecutorService 'applicationTaskExecutor'
2020-01-22 11:20:03.649  INFO 19252 --- [main] o.s.b.a.w.s.WelcomePageHandlerMapping    : Adding welcome page template: index
2020-01-22 11:20:04.157  INFO 19252 --- [main] o.s.b.w.embedded.tomcat.TomcatWebServer  : Tomcat started on port(s): 9090 (http) with context path ''
2020-01-22 11:20:04.167  INFO 19252 --- [main] z.o.loganalysis.LoganalysisApplication   : Started LoganalysisApplication in 2.658 seconds (JVM running for 3.881)
2020-01-22 11:20:13.100  INFO 19252 --- [http-nio-9090-exec-2] o.a.c.c.C.[Tomcat].[localhost].[/]       : Initializing Spring DispatcherServlet 'dispatcherServlet'
2020-01-22 11:20:13.101  INFO 19252 --- [http-nio-9090-exec-2] o.s.web.servlet.DispatcherServlet        : Initializing Servlet 'dispatcherServlet'
2020-01-22 11:20:13.116  INFO 19252 --- [http-nio-9090-exec-2] o.s.web.servlet.DispatcherServlet        : Completed initialization in 15 ms
2020-01-22 12:06:36.810  INFO 19252 --- [SpringContextShutdownHook] o.s.s.concurrent.ThreadPoolTaskExecutor  : Shutting down ExecutorService 'applicationTaskExecutor'
2020-01-22 12:07:00.299  INFO 14892 --- [main] z.o.loganalysis.LoganalysisApplication   : Starting LoganalysisApplication on Dell-PC with PID 14892 (D:\fancky\Git\Java\Work\loganalysis\target\classes started by Administrator in D:\fancky\Git\Java\Work\loganalysis)
2020-01-22 12:07:00.304  INFO 14892 --- [main] z.o.loganalysis.LoganalysisApplication   : No active profile set, falling back to default profiles: default
2020-01-22 12:07:01.607  INFO 14892 --- [main] o.s.b.w.embedded.tomcat.TomcatWebServer  : Tomcat initialized with port(s): 9090 (http)
2020-01-22 12:07:01.620  INFO 14892 --- [main] o.apache.catalina.core.StandardService   : Starting service [Tomcat]
2020-01-22 12:07:01.620  INFO 14892 --- [main] org.apache.catalina.core.StandardEngine  : Starting Servlet engine: [Apache Tomcat/9.0.29]
2020-01-22 12:07:01.741  INFO 14892 --- [main] o.a.c.c.C.[Tomcat].[localhost].[/]       : Initializing Spring embedded WebApplicationContext
2020-01-22 12:07:01.741  INFO 14892 --- [main] o.s.web.context.ContextLoader            : Root WebApplicationContext: initialization completed in 1368 ms
2020-01-22 12:07:01.933  INFO 14892 --- [main] o.s.s.concurrent.ThreadPoolTaskExecutor  : Initializing ExecutorService 'applicationTaskExecutor'
2020-01-22 12:07:02.000  INFO 14892 --- [main] o.s.b.a.w.s.WelcomePageHandlerMapping    : Adding welcome page template: index
2020-01-22 12:07:02.158  INFO 14892 --- [main] o.s.b.w.embedded.tomcat.TomcatWebServer  : Tomcat started on port(s): 9090 (http) with context path ''
2020-01-22 12:07:02.166  INFO 14892 --- [main] z.o.loganalysis.LoganalysisApplication   : Started LoganalysisApplication in 2.793 seconds (JVM running for 4.71)
2020-01-22 12:07:17.421  INFO 14892 --- [http-nio-9090-exec-1] o.a.c.c.C.[Tomcat].[localhost].[/]       : Initializing Spring DispatcherServlet 'dispatcherServlet'
2020-01-22 12:07:17.421  INFO 14892 --- [http-nio-9090-exec-1] o.s.web.servlet.DispatcherServlet        : Initializing Servlet 'dispatcherServlet'
2020-01-22 12:07:17.438  INFO 14892 --- [http-nio-9090-exec-1] o.s.web.servlet.DispatcherServlet        : Completed initialization in 15 ms
2020-01-22 12:08:01.718  INFO 14892 --- [SpringContextShutdownHook] o.s.s.concurrent.ThreadPoolTaskExecutor  : Shutting down ExecutorService 'applicationTaskExecutor'
2020-01-22 12:08:16.688  INFO 23176 --- [main] z.o.loganalysis.LoganalysisApplication   : Starting LoganalysisApplication on Dell-PC with PID 23176 (D:\fancky\Git\Java\Work\loganalysis\target\classes started by Administrator in D:\fancky\Git\Java\Work\loganalysis)
2020-01-22 12:08:16.693  INFO 23176 --- [main] z.o.loganalysis.LoganalysisApplication   : No active profile set, falling back to default profiles: default
2020-01-22 12:08:17.674  INFO 23176 --- [main] o.s.b.w.embedded.tomcat.TomcatWebServer  : Tomcat initialized with port(s): 9090 (http)
2020-01-22 12:08:17.684  INFO 23176 --- [main] o.apache.catalina.core.StandardService   : Starting service [Tomcat]
2020-01-22 12:08:17.685  INFO 23176 --- [main] org.apache.catalina.core.StandardEngine  : Starting Servlet engine: [Apache Tomcat/9.0.29]
2020-01-22 12:08:17.761  INFO 23176 --- [main] o.a.c.c.C.[Tomcat].[localhost].[/]       : Initializing Spring embedded WebApplicationContext
2020-01-22 12:08:17.761  INFO 23176 --- [main] o.s.web.context.ContextLoader            : Root WebApplicationContext: initialization completed in 1013 ms
2020-01-22 12:08:17.928  INFO 23176 --- [main] o.s.s.concurrent.ThreadPoolTaskExecutor  : Initializing ExecutorService 'applicationTaskExecutor'
2020-01-22 12:08:17.999  INFO 23176 --- [main] o.s.b.a.w.s.WelcomePageHandlerMapping    : Adding welcome page template: index
2020-01-22 12:08:18.131  INFO 23176 --- [main] o.s.b.w.embedded.tomcat.TomcatWebServer  : Tomcat started on port(s): 9090 (http) with context path ''
2020-01-22 12:08:18.135  INFO 23176 --- [main] z.o.loganalysis.LoganalysisApplication   : Started LoganalysisApplication in 2.508 seconds (JVM running for 4.026)
2020-01-22 12:08:33.084  INFO 23176 --- [http-nio-9090-exec-1] o.a.c.c.C.[Tomcat].[localhost].[/]       : Initializing Spring DispatcherServlet 'dispatcherServlet'
2020-01-22 12:08:33.084  INFO 23176 --- [http-nio-9090-exec-1] o.s.web.servlet.DispatcherServlet        : Initializing Servlet 'dispatcherServlet'
2020-01-22 12:08:33.093  INFO 23176 --- [http-nio-9090-exec-1] o.s.web.servlet.DispatcherServlet        : Completed initialization in 9 ms
2020-01-22 12:08:51.716  INFO 23176 --- [SpringContextShutdownHook] o.s.s.concurrent.ThreadPoolTaskExecutor  : Shutting down ExecutorService 'applicationTaskExecutor'
2020-01-22 12:09:04.252  INFO 11180 --- [main] z.o.loganalysis.LoganalysisApplication   : Starting LoganalysisApplication on Dell-PC with PID 11180 (D:\fancky\Git\Java\Work\loganalysis\target\classes started by Administrator in D:\fancky\Git\Java\Work\loganalysis)
2020-01-22 12:09:04.255  INFO 11180 --- [main] z.o.loganalysis.LoganalysisApplication   : No active profile set, falling back to default profiles: default
2020-01-22 12:09:05.425  INFO 11180 --- [main] o.s.b.w.embedded.tomcat.TomcatWebServer  : Tomcat initialized with port(s): 9090 (http)
2020-01-22 12:09:05.436  INFO 11180 --- [main] o.apache.catalina.core.StandardService   : Starting service [Tomcat]
2020-01-22 12:09:05.437  INFO 11180 --- [main] org.apache.catalina.core.StandardEngine  : Starting Servlet engine: [Apache Tomcat/9.0.29]
2020-01-22 12:09:05.511  INFO 11180 --- [main] o.a.c.c.C.[Tomcat].[localhost].[/]       : Initializing Spring embedded WebApplicationContext
2020-01-22 12:09:05.512  INFO 11180 --- [main] o.s.web.context.ContextLoader            : Root WebApplicationContext: initialization completed in 1204 ms
2020-01-22 12:09:05.682  INFO 11180 --- [main] o.s.s.concurrent.ThreadPoolTaskExecutor  : Initializing ExecutorService 'applicationTaskExecutor'
2020-01-22 12:09:05.744  INFO 11180 --- [main] o.s.b.a.w.s.WelcomePageHandlerMapping    : Adding welcome page template: index
2020-01-22 12:09:05.888  INFO 11180 --- [main] o.s.b.w.embedded.tomcat.TomcatWebServer  : Tomcat started on port(s): 9090 (http) with context path ''
2020-01-22 12:09:05.892  INFO 11180 --- [main] z.o.loganalysis.LoganalysisApplication   : Started LoganalysisApplication in 2.225 seconds (JVM running for 3.489)
2020-01-22 12:09:20.971  INFO 11180 --- [SpringContextShutdownHook] o.s.s.concurrent.ThreadPoolTaskExecutor  : Shutting down ExecutorService 'applicationTaskExecutor'
2020-01-22 12:10:36.955  INFO 2540 --- [main] z.o.loganalysis.LoganalysisApplication   : Starting LoganalysisApplication on Dell-PC with PID 2540 (D:\fancky\Git\Java\Work\loganalysis\target\classes started by Administrator in D:\fancky\Git\Java\Work\loganalysis)
2020-01-22 12:10:36.958  INFO 2540 --- [main] z.o.loganalysis.LoganalysisApplication   : No active profile set, falling back to default profiles: default
2020-01-22 12:10:38.145  INFO 2540 --- [main] o.s.b.w.embedded.tomcat.TomcatWebServer  : Tomcat initialized with port(s): 9090 (http)
2020-01-22 12:10:38.154  INFO 2540 --- [main] o.apache.catalina.core.StandardService   : Starting service [Tomcat]
2020-01-22 12:10:38.154  INFO 2540 --- [main] org.apache.catalina.core.StandardEngine  : Starting Servlet engine: [Apache Tomcat/9.0.29]
2020-01-22 12:10:38.231  INFO 2540 --- [main] o.a.c.c.C.[Tomcat].[localhost].[/]       : Initializing Spring embedded WebApplicationContext
2020-01-22 12:10:38.232  INFO 2540 --- [main] o.s.web.context.ContextLoader            : Root WebApplicationContext: initialization completed in 1112 ms
2020-01-22 12:10:38.390  INFO 2540 --- [main] o.s.s.concurrent.ThreadPoolTaskExecutor  : Initializing ExecutorService 'applicationTaskExecutor'
2020-01-22 12:10:38.448  INFO 2540 --- [main] o.s.b.a.w.s.WelcomePageHandlerMapping    : Adding welcome page template: index
2020-01-22 12:10:38.583  INFO 2540 --- [main] o.s.b.w.embedded.tomcat.TomcatWebServer  : Tomcat started on port(s): 9090 (http) with context path ''
2020-01-22 12:10:38.587  INFO 2540 --- [main] z.o.loganalysis.LoganalysisApplication   : Started LoganalysisApplication in 2.248 seconds (JVM running for 3.555)
2020-01-22 12:10:50.526  INFO 2540 --- [http-nio-9090-exec-1] o.a.c.c.C.[Tomcat].[localhost].[/]       : Initializing Spring DispatcherServlet 'dispatcherServlet'
2020-01-22 12:10:50.527  INFO 2540 --- [http-nio-9090-exec-1] o.s.web.servlet.DispatcherServlet        : Initializing Servlet 'dispatcherServlet'
2020-01-22 12:10:50.544  INFO 2540 --- [http-nio-9090-exec-1] o.s.web.servlet.DispatcherServlet        : Completed initialization in 17 ms
2020-01-22 12:13:05.143  INFO 2540 --- [SpringContextShutdownHook] o.s.s.concurrent.ThreadPoolTaskExecutor  : Shutting down ExecutorService 'applicationTaskExecutor'
2020-01-22 12:13:12.610  INFO 30520 --- [main] z.o.loganalysis.LoganalysisApplication   : Starting LoganalysisApplication on Dell-PC with PID 30520 (D:\fancky\Git\Java\Work\loganalysis\target\classes started by Administrator in D:\fancky\Git\Java\Work\loganalysis)
2020-01-22 12:13:12.613  INFO 30520 --- [main] z.o.loganalysis.LoganalysisApplication   : No active profile set, falling back to default profiles: default
2020-01-22 12:13:13.666  INFO 30520 --- [main] o.s.b.w.embedded.tomcat.TomcatWebServer  : Tomcat initialized with port(s): 9090 (http)
2020-01-22 12:13:13.676  INFO 30520 --- [main] o.apache.catalina.core.StandardService   : Starting service [Tomcat]
2020-01-22 12:13:13.676  INFO 30520 --- [main] org.apache.catalina.core.StandardEngine  : Starting Servlet engine: [Apache Tomcat/9.0.29]
2020-01-22 12:13:13.748  INFO 30520 --- [main] o.a.c.c.C.[Tomcat].[localhost].[/]       : Initializing Spring embedded WebApplicationContext
2020-01-22 12:13:13.748  INFO 30520 --- [main] o.s.web.context.ContextLoader            : Root WebApplicationContext: initialization completed in 993 ms
2020-01-22 12:13:13.914  INFO 30520 --- [main] o.s.s.concurrent.ThreadPoolTaskExecutor  : Initializing ExecutorService 'applicationTaskExecutor'
2020-01-22 12:13:13.976  INFO 30520 --- [main] o.s.b.a.w.s.WelcomePageHandlerMapping    : Adding welcome page template: index
2020-01-22 12:13:14.117  INFO 30520 --- [main] o.s.b.w.embedded.tomcat.TomcatWebServer  : Tomcat started on port(s): 9090 (http) with context path ''
2020-01-22 12:13:14.120  INFO 30520 --- [main] z.o.loganalysis.LoganalysisApplication   : Started LoganalysisApplication in 2.492 seconds (JVM running for 3.775)
2020-01-22 12:13:20.352  INFO 30520 --- [http-nio-9090-exec-1] o.a.c.c.C.[Tomcat].[localhost].[/]       : Initializing Spring DispatcherServlet 'dispatcherServlet'
2020-01-22 12:13:20.353  INFO 30520 --- [http-nio-9090-exec-1] o.s.web.servlet.DispatcherServlet        : Initializing Servlet 'dispatcherServlet'
2020-01-22 12:13:20.369  INFO 30520 --- [http-nio-9090-exec-1] o.s.web.servlet.DispatcherServlet        : Completed initialization in 16 ms
2020-01-22 12:14:09.981  INFO 30520 --- [SpringContextShutdownHook] o.s.s.concurrent.ThreadPoolTaskExecutor  : Shutting down ExecutorService 'applicationTaskExecutor'
2020-01-22 12:14:16.703  INFO 1136 --- [main] z.o.loganalysis.LoganalysisApplication   : Starting LoganalysisApplication on Dell-PC with PID 1136 (D:\fancky\Git\Java\Work\loganalysis\target\classes started by Administrator in D:\fancky\Git\Java\Work\loganalysis)
2020-01-22 12:14:16.706  INFO 1136 --- [main] z.o.loganalysis.LoganalysisApplication   : No active profile set, falling back to default profiles: default
2020-01-22 12:14:18.119  INFO 1136 --- [main] o.s.b.w.embedded.tomcat.TomcatWebServer  : Tomcat initialized with port(s): 9090 (http)
2020-01-22 12:14:18.149  INFO 1136 --- [main] o.apache.catalina.core.StandardService   : Starting service [Tomcat]
2020-01-22 12:14:18.150  INFO 1136 --- [main] org.apache.catalina.core.StandardEngine  : Starting Servlet engine: [Apache Tomcat/9.0.29]
2020-01-22 12:14:18.383  INFO 1136 --- [main] o.a.c.c.C.[Tomcat].[localhost].[/]       : Initializing Spring embedded WebApplicationContext
2020-01-22 12:14:18.383  INFO 1136 --- [main] o.s.web.context.ContextLoader            : Root WebApplicationContext: initialization completed in 1629 ms
2020-01-22 12:14:18.807  INFO 1136 --- [main] o.s.s.concurrent.ThreadPoolTaskExecutor  : Initializing ExecutorService 'applicationTaskExecutor'
2020-01-22 12:14:18.961  INFO 1136 --- [main] o.s.b.a.w.s.WelcomePageHandlerMapping    : Adding welcome page template: index
2020-01-22 12:14:19.341  INFO 1136 --- [main] o.s.b.w.embedded.tomcat.TomcatWebServer  : Tomcat started on port(s): 9090 (http) with context path ''
2020-01-22 12:14:19.349  INFO 1136 --- [main] z.o.loganalysis.LoganalysisApplication   : Started LoganalysisApplication in 3.28 seconds (JVM running for 4.556)
2020-01-22 12:14:24.527  INFO 1136 --- [http-nio-9090-exec-1] o.a.c.c.C.[Tomcat].[localhost].[/]       : Initializing Spring DispatcherServlet 'dispatcherServlet'
2020-01-22 12:14:24.528  INFO 1136 --- [http-nio-9090-exec-1] o.s.web.servlet.DispatcherServlet        : Initializing Servlet 'dispatcherServlet'
2020-01-22 12:14:24.543  INFO 1136 --- [http-nio-9090-exec-1] o.s.web.servlet.DispatcherServlet        : Completed initialization in 15 ms
2020-01-22 12:18:41.424  INFO 1136 --- [SpringContextShutdownHook] o.s.s.concurrent.ThreadPoolTaskExecutor  : Shutting down ExecutorService 'applicationTaskExecutor'
2020-01-22 12:19:10.596  INFO 29452 --- [main] z.o.loganalysis.LoganalysisApplication   : Starting LoganalysisApplication on Dell-PC with PID 29452 (D:\fancky\Git\Java\Work\loganalysis\target\classes started by Administrator in D:\fancky\Git\Java\Work\loganalysis)
2020-01-22 12:19:10.604  INFO 29452 --- [main] z.o.loganalysis.LoganalysisApplication   : No active profile set, falling back to default profiles: default
2020-01-22 12:19:11.560  INFO 29452 --- [main] o.s.b.w.embedded.tomcat.TomcatWebServer  : Tomcat initialized with port(s): 9090 (http)
2020-01-22 12:19:11.569  INFO 29452 --- [main] o.apache.catalina.core.StandardService   : Starting service [Tomcat]
2020-01-22 12:19:11.570  INFO 29452 --- [main] org.apache.catalina.core.StandardEngine  : Starting Servlet engine: [Apache Tomcat/9.0.29]
2020-01-22 12:19:11.658  INFO 29452 --- [main] o.a.c.c.C.[Tomcat].[localhost].[/]       : Initializing Spring embedded WebApplicationContext
2020-01-22 12:19:11.658  INFO 29452 --- [main] o.s.web.context.ContextLoader            : Root WebApplicationContext: initialization completed in 966 ms
2020-01-22 12:19:11.826  INFO 29452 --- [main] o.s.s.concurrent.ThreadPoolTaskExecutor  : Initializing ExecutorService 'applicationTaskExecutor'
2020-01-22 12:19:11.883  INFO 29452 --- [main] o.s.b.a.w.s.WelcomePageHandlerMapping    : Adding welcome page template: index
2020-01-22 12:19:12.009  INFO 29452 --- [main] o.s.b.w.embedded.tomcat.TomcatWebServer  : Tomcat started on port(s): 9090 (http) with context path ''
2020-01-22 12:19:12.013  INFO 29452 --- [main] z.o.loganalysis.LoganalysisApplication   : Started LoganalysisApplication in 2.584 seconds (JVM running for 4.055)
2020-01-22 12:19:22.116  INFO 29452 --- [SpringContextShutdownHook] o.s.s.concurrent.ThreadPoolTaskExecutor  : Shutting down ExecutorService 'applicationTaskExecutor'
2020-01-22 12:19:42.897  INFO 31212 --- [main] z.o.loganalysis.LoganalysisApplication   : Starting LoganalysisApplication on Dell-PC with PID 31212 (D:\fancky\Git\Java\Work\loganalysis\target\classes started by Administrator in D:\fancky\Git\Java\Work\loganalysis)
2020-01-22 12:19:42.915  INFO 31212 --- [main] z.o.loganalysis.LoganalysisApplication   : No active profile set, falling back to default profiles: default
2020-01-22 12:19:43.877  INFO 31212 --- [main] o.s.b.w.embedded.tomcat.TomcatWebServer  : Tomcat initialized with port(s): 9090 (http)
2020-01-22 12:19:43.886  INFO 31212 --- [main] o.apache.catalina.core.StandardService   : Starting service [Tomcat]
2020-01-22 12:19:43.887  INFO 31212 --- [main] org.apache.catalina.core.StandardEngine  : Starting Servlet engine: [Apache Tomcat/9.0.29]
2020-01-22 12:19:43.991  INFO 31212 --- [main] o.a.c.c.C.[Tomcat].[localhost].[/]       : Initializing Spring embedded WebApplicationContext
2020-01-22 12:19:43.991  INFO 31212 --- [main] o.s.web.context.ContextLoader            : Root WebApplicationContext: initialization completed in 974 ms
2020-01-22 12:19:44.161  INFO 31212 --- [main] o.s.s.concurrent.ThreadPoolTaskExecutor  : Initializing ExecutorService 'applicationTaskExecutor'
2020-01-22 12:19:44.222  INFO 31212 --- [main] o.s.b.a.w.s.WelcomePageHandlerMapping    : Adding welcome page template: index
2020-01-22 12:19:44.352  INFO 31212 --- [main] o.s.b.w.embedded.tomcat.TomcatWebServer  : Tomcat started on port(s): 9090 (http) with context path ''
2020-01-22 12:19:44.356  INFO 31212 --- [main] z.o.loganalysis.LoganalysisApplication   : Started LoganalysisApplication in 2.407 seconds (JVM running for 3.83)
2020-01-22 12:19:50.154  INFO 31212 --- [http-nio-9090-exec-1] o.a.c.c.C.[Tomcat].[localhost].[/]       : Initializing Spring DispatcherServlet 'dispatcherServlet'
2020-01-22 12:19:50.155  INFO 31212 --- [http-nio-9090-exec-1] o.s.web.servlet.DispatcherServlet        : Initializing Servlet 'dispatcherServlet'
2020-01-22 12:19:50.168  INFO 31212 --- [http-nio-9090-exec-1] o.s.web.servlet.DispatcherServlet        : Completed initialization in 13 ms
2020-01-22 12:30:17.415  INFO 31212 --- [SpringContextShutdownHook] o.s.s.concurrent.ThreadPoolTaskExecutor  : Shutting down ExecutorService 'applicationTaskExecutor'
